#
# A fatal error has been detected by the Java Runtime Environment:
#
#  EXCEPTION_ACCESS_VIOLATION (0xc0000005) at pc=0x00007ffe811f4064, pid=9624, tid=11684
#
# JRE version: OpenJDK Runtime Environment (11.0.8+10) (build 11.0.8+10-b944.6842174)
# Java VM: OpenJDK 64-Bit Server VM (11.0.8+10-b944.6842174, mixed mode, tiered, compressed oops, g1 gc, windows-amd64)
# Problematic frame:
# V  [jvm.dll+0xa4064]
#
# No core dump will be written. Minidumps are not enabled by default on client versions of Windows
#
# If you would like to submit a bug report, please visit:
#   https://bugreport.java.com/bugreport/crash.jsp
#

---------------  S U M M A R Y ------------

Command Line: --add-opens=java.base/java.util=ALL-UNNAMED --add-opens=java.base/java.lang=ALL-UNNAMED --add-opens=java.base/java.lang.invoke=ALL-UNNAMED --add-opens=java.prefs/java.util.prefs=ALL-UNNAMED -Xmx2048m -Dfile.encoding=UTF-8 -Duser.country=IN -Duser.language=en -Duser.variant org.gradle.launcher.daemon.bootstrap.GradleDaemon 6.7.1

Host: Intel(R) Core(TM) i5-1035G1 CPU @ 1.00GHz, 8 cores, 7G,  Windows 10 , 64 bit Build 19041 (10.0.19041.546)
Time: Fri Jul 30 13:34:17 2021 India Standard Time elapsed time: 10239 seconds (0d 2h 50m 39s)

---------------  T H R E A D  ---------------

Current thread (0x00000164fef87800):  JavaThread "C2 CompilerThread0" daemon [_thread_in_native, id=11684, stack(0x00000060d2500000,0x00000060d2600000)]


Current CompileTask:
C2:10239378 25028   !   4       org.apache.commons.lang.reflect.MethodUtils::getMatchingAccessibleMethod (122 bytes)

Stack: [0x00000060d2500000,0x00000060d2600000],  sp=0x00000060d25fbf80,  free space=1007k
Native frames: (J=compiled Java code, j=interpreted, Vv=VM code, C=native code)
V  [jvm.dll+0xa4064]
V  [jvm.dll+0x4c99a3]
V  [jvm.dll+0x31dd46]
V  [jvm.dll+0x31d39a]
V  [jvm.dll+0x1f7702]
V  [jvm.dll+0x1f68d4]
V  [jvm.dll+0x17f32c]
V  [jvm.dll+0x205047]
V  [jvm.dll+0x203891]
V  [jvm.dll+0x6dad3f]
V  [jvm.dll+0x6d3895]
V  [jvm.dll+0x5dd4a6]
C  [ucrtbase.dll+0x214c2]
C  [KERNEL32.DLL+0x17034]
C  [ntdll.dll+0x4cec1]


siginfo: EXCEPTION_ACCESS_VIOLATION (0xc0000005), reading address 0x0000000000000048


Register to memory mapping:

RIP=0x00007ffe811f4064 jvm.dll
RAX=0x00007ffe818b6610 jvm.dll
RBX=0x000001648771ce30 points into unknown readable memory: c8 77 92 81 fe 7f 00 00
RCX=0x0000000000010004 is an unknown value
RDX=0x0000000000000002 is an unknown value
RSP=0x00000060d25fbf80 is pointing into the stack for thread: 0x00000164fef87800
RBP=0x00000164896a2810 points into unknown readable memory: c8 77 92 81 fe 7f 00 00
RSI=0x000000000000005b is an unknown value
RDI=0x0 is NULL
R8 =0x0000016488ae7bf0 points into unknown readable memory: f8 0e 8e 81 fe 7f 00 00
R9 =0x0000000000000009 is an unknown value
R10=0x0000000000000010 is an unknown value
R11=0x00000164e9e28110 is at code_begin+-112 in 
[CodeBlob (0x00000164e9e28110)]
Framesize: 6
UncommonTrapBlob
R12=0x0000016483b1d948 points into unknown readable memory: 88 ed 8a 81 fe 7f 00 00
R13=0x00000164896a2960 points into unknown readable memory: c8 77 92 81 fe 7f 00 00
R14=0x0000000000007740 is an unknown value
R15=0x00000164fef7d688 points into unknown readable memory: 00 78 f8 fe 64 01 00 00


Registers:
RAX=0x00007ffe818b6610, RBX=0x000001648771ce30, RCX=0x0000000000010004, RDX=0x0000000000000002
RSP=0x00000060d25fbf80, RBP=0x00000164896a2810, RSI=0x000000000000005b, RDI=0x0000000000000000
R8 =0x0000016488ae7bf0, R9 =0x0000000000000009, R10=0x0000000000000010, R11=0x00000164e9e28110
R12=0x0000016483b1d948, R13=0x00000164896a2960, R14=0x0000000000007740, R15=0x00000164fef7d688
RIP=0x00007ffe811f4064, EFLAGS=0x0000000000010202

Top of Stack: (sp=0x00000060d25fbf80)
0x00000060d25fbf80:   00000060d25fc5c8 0000016484420820
0x00000060d25fbf90:   000001648b0c1b98 00000060d25fc560
0x00000060d25fbfa0:   000001648771ce30 00007ffe816199a3
0x00000060d25fbfb0:   0000016483b1ce80 000000000000005b
0x00000060d25fbfc0:   0000000000000000 00000060d25fc5c8
0x00000060d25fbfd0:   0000016489694800 000001648ae2cdc8
0x00000060d25fbfe0:   000001648b0c1b98 00000164896a2810
0x00000060d25fbff0:   0000000000000004 000001648b911a80
0x00000060d25fc000:   0000000000000000 0000000000000000
0x00000060d25fc010:   0000000000000000 0000000000000000
0x00000060d25fc020:   00000164fef7d688 0000000000007740
0x00000060d25fc030:   000000000000005a 0000000000000067
0x00000060d25fc040:   00000164fef2a660 00000164825c4460
0x00000060d25fc050:   00000060d25fc560 00007ffe8146dd46
0x00000060d25fc060:   00000060d25fc560 00000164896a2960
0x00000060d25fc070:   0000016483b1ce80 00000060d25fc160 

Instructions: (pc=0x00007ffe811f4064)
0x00007ffe811f3f64:   74 24 38 48 83 c4 20 5f c3 cc cc cc 48 89 5c 24
0x00007ffe811f3f74:   08 48 89 74 24 10 57 48 83 ec 20 48 63 fa 48 8d
0x00007ffe811f3f84:   99 90 00 00 00 49 8b f0 3b 3b 7c 35 3b 7b 04 7c
0x00007ffe811f3f94:   0a 8b d7 48 8b cb e8 11 5c 2c 00 48 63 0b 48 3b
0x00007ffe811f3fa4:   cf 7d 19 45 33 c0 66 0f 1f 44 00 00 48 8b 43 18
0x00007ffe811f3fb4:   4c 89 04 c8 48 ff c1 48 3b cf 7c f0 8d 47 01 89
0x00007ffe811f3fc4:   03 48 8b 43 18 48 8b 5c 24 30 48 89 34 f8 48 8b
0x00007ffe811f3fd4:   74 24 38 48 83 c4 20 5f c3 cc cc cc 48 83 ec 28
0x00007ffe811f3fe4:   48 8b 49 48 48 8b 01 ff 50 40 48 83 c4 28 e9 c9
0x00007ffe811f3ff4:   5c 64 00 cc cc cc cc cc cc cc cc cc 48 83 ec 28
0x00007ffe811f4004:   48 8b 49 70 48 8b 01 ff 50 40 48 83 c4 28 e9 a9
0x00007ffe811f4014:   5c 64 00 cc cc cc cc cc cc cc cc cc 48 83 ec 28
0x00007ffe811f4024:   48 8b 49 48 48 8b 01 ff 50 48 48 83 c4 28 e9 e9
0x00007ffe811f4034:   5c 64 00 cc cc cc cc cc cc cc cc cc 48 83 ec 28
0x00007ffe811f4044:   48 8b 49 70 48 8b 01 ff 50 48 48 83 c4 28 e9 c9
0x00007ffe811f4054:   5c 64 00 cc cc cc cc cc cc cc cc cc 48 83 ec 28
0x00007ffe811f4064:   48 8b 49 48 48 8b 01 ff 50 30 48 8b c8 48 83 c4
0x00007ffe811f4074:   28 e9 26 5f 64 00 cc cc cc cc cc cc 48 83 ec 28
0x00007ffe811f4084:   48 8b 49 48 48 8b 01 ff 50 50 48 8b c8 48 83 c4
0x00007ffe811f4094:   28 e9 36 61 64 00 cc cc cc cc cc cc 48 8b 49 48
0x00007ffe811f40a4:   48 8b 01 48 ff a0 d8 00 00 00 cc cc 48 8b 05 d9
0x00007ffe811f40b4:   4b 97 00 c3 cc cc cc cc cc cc cc cc 48 8b 05 51
0x00007ffe811f40c4:   4b 97 00 c3 cc cc cc cc cc cc cc cc 48 8b 41 50
0x00007ffe811f40d4:   c3 cc cc cc cc cc cc cc cc cc cc cc 48 8b 41 58
0x00007ffe811f40e4:   c3 cc cc cc cc cc cc cc cc cc cc cc 48 8b 41 60
0x00007ffe811f40f4:   c3 cc cc cc cc cc cc cc cc cc cc cc 48 83 ec 28
0x00007ffe811f4104:   ba c0 01 00 00 48 8d 0d 38 8f 6a 00 e8 7b a4 19
0x00007ffe811f4114:   00 48 83 c4 28 e9 a2 9e 53 00 cc cc b8 26 00 00
0x00007ffe811f4124:   00 c3 cc cc cc cc cc cc cc cc cc cc b8 29 00 00
0x00007ffe811f4134:   00 c3 cc cc cc cc cc cc cc cc cc cc b8 2b 00 00
0x00007ffe811f4144:   00 c3 cc cc cc cc cc cc cc cc cc cc b8 82 00 00
0x00007ffe811f4154:   00 c3 cc cc cc cc cc cc cc cc cc cc b8 c9 00 00 


Stack slot to memory mapping:
stack at sp + 0 slots: 0x00000060d25fc5c8 is pointing into the stack for thread: 0x00000164fef87800
stack at sp + 1 slots: 0x0000016484420820 points into unknown readable memory: c8 ec 5f d2 60 00 00 00
stack at sp + 2 slots: 0x000001648b0c1b98 points into unknown readable memory: 80 f0 98 81 fe 7f 00 00
stack at sp + 3 slots: 0x00000060d25fc560 is pointing into the stack for thread: 0x00000164fef87800
stack at sp + 4 slots: 0x000001648771ce30 points into unknown readable memory: c8 77 92 81 fe 7f 00 00
stack at sp + 5 slots: 0x00007ffe816199a3 jvm.dll
stack at sp + 6 slots: 0x0000016483b1ce80 points into unknown readable memory: e8 34 92 81 fe 7f 00 00
stack at sp + 7 slots: 0x000000000000005b is an unknown value


---------------  P R O C E S S  ---------------

Threads class SMR info:
_java_thread_list=0x0000016488f19ef0, length=170, elements={
0x00000164e6487800, 0x00000164fef68800, 0x00000164fef6a000, 0x00000164ff902800,
0x00000164fef85800, 0x00000164fef87800, 0x00000164fef8e000, 0x00000164fef90800,
0x00000164ffa62800, 0x00000164ffa64800, 0x00000164ffc99800, 0x0000016483262800,
0x000001648294d000, 0x0000016483470000, 0x000001648346e800, 0x000001648346d800,
0x0000016485bb3000, 0x0000016485bb1800, 0x0000016486136000, 0x0000016486134000,
0x000001648719b000, 0x0000016486138000, 0x000001648abc3800, 0x00000164933c2800,
0x000001648b37b800, 0x000001648b37a000, 0x000001648b37a800, 0x000001648b37c800,
0x000001648b379000, 0x000001648b37e000, 0x000001648b382000, 0x000001648b381000,
0x000001648b37e800, 0x000001648b380800, 0x000001648b383000, 0x000001648b37d000,
0x000001648b383800, 0x000001648b37f800, 0x000001648b38a000, 0x000001648b388800,
0x000001648b386000, 0x000001648b389800, 0x000001648b384800, 0x000001648b38b000,
0x000001648b385000, 0x000001648b38c800, 0x000001648b387000, 0x000001648b38c000,
0x000001648b38d800, 0x000001648b387800, 0x000001648b394000, 0x000001648b393000,
0x000001648b38f000, 0x000001648b392800, 0x000001648b391800, 0x000001648b38e000,
0x000001648b390000, 0x000001648b395800, 0x000001648b394800, 0x000001648b390800,
0x000001648b397000, 0x000001648b398000, 0x000001648abc5800, 0x000001648abc4800,
0x000001648abc8000, 0x000001648abc6000, 0x000001648abc3000, 0x000001648abcb000,
0x000001648abcc000, 0x000001648abcc800, 0x000001648abc9800, 0x000001648abc8800,
0x000001648abc7000, 0x000001648abcd800, 0x000001648abce800, 0x000001648abcf000,
0x000001648abd0000, 0x000001648abd1000, 0x000001648abd1800, 0x0000016485bb0800,
0x0000016485bae800, 0x0000016485bb2800, 0x0000016485baf000, 0x0000016485bb4000,
0x0000016485bb5000, 0x0000016485bb5800, 0x0000016485bb0000, 0x0000016485bba800,
0x0000016485bb9800, 0x0000016485bb8000, 0x0000016485bbb800, 0x0000016485bbc000,
0x0000016485bb9000, 0x0000016485bb6800, 0x0000016485bb7000, 0x000001648718e000,
0x0000016487194800, 0x000001648718e800, 0x0000016487195000, 0x0000016487196000,
0x0000016487193800, 0x0000016487190800, 0x0000016487191000, 0x0000016487197800,
0x0000016487192000, 0x0000016487193000, 0x0000016487199800, 0x000001648719c000,
0x000001648719c800, 0x0000016486131000, 0x0000016486135000, 0x0000016486136800,
0x0000016486137800, 0x0000016486133800, 0x0000016486131800, 0x0000016486132800,
0x000001648613e000, 0x000001648613a800, 0x000001648613e800, 0x000001648613f800,
0x000001648613c800, 0x000001648613a000, 0x00000164933c0800, 0x00000164933c2000,
0x00000164933bc000, 0x00000164933c1000, 0x00000164933be000, 0x00000164933bf800,
0x00000164933bd000, 0x00000164933be800, 0x000001648346f000, 0x000001648a691800,
0x000001648a68c800, 0x000001648a691000, 0x000001648a68e800, 0x000001648a690000,
0x000001648a68d800, 0x000001648a68f000, 0x000001648a68c000, 0x000001648a695800,
0x000001648a695000, 0x000001648a698000, 0x000001648a694000, 0x000001648a696800,
0x000001648a697800, 0x000001648a692800, 0x000001648a699000, 0x000001648a693000,
0x000001648a69a000, 0x000001648a69a800, 0x000001648e5dc000, 0x000001648e5de800,
0x000001648e5df000, 0x000001648e5dd000, 0x000001648e5db000, 0x000001648e5e2800,
0x000001648e5e3800, 0x000001648e5dd800, 0x000001648e5e4000, 0x000001648e5e0000,
0x000001648e5e5000, 0x000001648e5e5800, 0x000001648e5e6800, 0x000001648e5e1000,
0x000001648e5e7800, 0x000001648e5e1800, 0x000001648e5e9000, 0x000001648e5ea000,
0x000001648e5e8000, 0x000001648b396800
}

Java Threads: ( => current thread )
  0x00000164e6487800 JavaThread "main" [_thread_blocked, id=15376, stack(0x00000060d1a00000,0x00000060d1b00000)]
  0x00000164fef68800 JavaThread "Reference Handler" daemon [_thread_blocked, id=5872, stack(0x00000060d2100000,0x00000060d2200000)]
  0x00000164fef6a000 JavaThread "Finalizer" daemon [_thread_blocked, id=4004, stack(0x00000060d2200000,0x00000060d2300000)]
  0x00000164ff902800 JavaThread "Signal Dispatcher" daemon [_thread_blocked, id=20052, stack(0x00000060d2300000,0x00000060d2400000)]
  0x00000164fef85800 JavaThread "Attach Listener" daemon [_thread_blocked, id=7224, stack(0x00000060d2400000,0x00000060d2500000)]
=>0x00000164fef87800 JavaThread "C2 CompilerThread0" daemon [_thread_in_native, id=11684, stack(0x00000060d2500000,0x00000060d2600000)]
  0x00000164fef8e000 JavaThread "C1 CompilerThread0" daemon [_thread_blocked, id=8264, stack(0x00000060d2600000,0x00000060d2700000)]
  0x00000164fef90800 JavaThread "Sweeper thread" daemon [_thread_blocked, id=23024, stack(0x00000060d2700000,0x00000060d2800000)]
  0x00000164ffa62800 JavaThread "Common-Cleaner" daemon [_thread_blocked, id=21208, stack(0x00000060d2800000,0x00000060d2900000)]
  0x00000164ffa64800 JavaThread "Service Thread" daemon [_thread_blocked, id=2800, stack(0x00000060d2900000,0x00000060d2a00000)]
  0x00000164ffc99800 JavaThread "Daemon health stats" [_thread_blocked, id=14204, stack(0x00000060d2e00000,0x00000060d2f00000)]
  0x0000016483262800 JavaThread "Incoming local TCP Connector on port 51151" [_thread_in_native, id=14872, stack(0x00000060d3000000,0x00000060d3100000)]
  0x000001648294d000 JavaThread "Daemon periodic checks" [_thread_blocked, id=9932, stack(0x00000060d3100000,0x00000060d3200000)]
  0x0000016483470000 JavaThread "Cache worker for file hash cache (C:\Users\knima\.gradle\caches\6.7.1\fileHashes)" [_thread_blocked, id=20600, stack(0x00000060d3e00000,0x00000060d3f00000)]
  0x000001648346e800 JavaThread "File lock request listener" [_thread_in_native, id=22944, stack(0x00000060d3f00000,0x00000060d4000000)]
  0x000001648346d800 JavaThread "Cache worker for journal cache (C:\Users\knima\.gradle\caches\journal-1)" [_thread_blocked, id=20180, stack(0x00000060d4100000,0x00000060d4200000)]
  0x0000016485bb3000 JavaThread "Cache worker for execution history cache (C:\Users\knima\.gradle\caches\6.7.1\executionHistory)" [_thread_blocked, id=5352, stack(0x00000060d5b00000,0x00000060d5c00000)]
  0x0000016485bb1800 JavaThread "Cache worker for file content cache (C:\Users\knima\.gradle\caches\6.7.1\fileContent)" [_thread_blocked, id=20768, stack(0x00000060d5c00000,0x00000060d5d00000)]
  0x0000016486136000 JavaThread "Memory manager" [_thread_blocked, id=24280, stack(0x00000060dc800000,0x00000060dc900000)]
  0x0000016486134000 JavaThread "pool-3-thread-1" [_thread_blocked, id=8940, stack(0x00000060d1700000,0x00000060d1800000)]
  0x000001648719b000 JavaThread "pool-6-thread-1" [_thread_blocked, id=22396, stack(0x00000060dcd00000,0x00000060dce00000)]
  0x0000016486138000 JavaThread "pool-9-thread-1" [_thread_blocked, id=13524, stack(0x00000060dd000000,0x00000060dd100000)]
  0x000001648abc3800 JavaThread "pool-24-thread-1" [_thread_blocked, id=10924, stack(0x00000060dcf00000,0x00000060dd000000)]
  0x00000164933c2800 JavaThread "pool-27-thread-1" [_thread_blocked, id=23876, stack(0x00000060dcc00000,0x00000060dcd00000)]
  0x000001648b37b800 JavaThread "pool-30-thread-1" [_thread_blocked, id=8232, stack(0x00000060dce00000,0x00000060dcf00000)]
  0x000001648b37a000 JavaThread "Daemon Thread 16" [_thread_blocked, id=20812, stack(0x00000060d1800000,0x00000060d1900000)]
  0x000001648b37a800 JavaThread "Handler for socket connection from /127.0.0.1:51151 to /127.0.0.1:61255" [_thread_in_native, id=9936, stack(0x00000060d2f00000,0x00000060d3000000)]
  0x000001648b37c800 JavaThread "Cancel handler" [_thread_blocked, id=10228, stack(0x00000060d3200000,0x00000060d3300000)]
  0x000001648b379000 JavaThread "Daemon worker Thread 16" [_thread_in_native, id=7392, stack(0x00000060d3300000,0x00000060d3400000)]
  0x000001648b37e000 JavaThread "Asynchronous log dispatcher for DefaultDaemonConnection: socket connection from /127.0.0.1:51151 to /127.0.0.1:61255" [_thread_blocked, id=1528, stack(0x00000060d3400000,0x00000060d3500000)]
  0x000001648b382000 JavaThread "Stdin handler" [_thread_blocked, id=7928, stack(0x00000060d3500000,0x00000060d3600000)]
  0x000001648b381000 JavaThread "Thread-2230" [_thread_blocked, id=3056, stack(0x00000060d3600000,0x00000060d3700000)]
  0x000001648b37e800 JavaThread "Cache worker for file hash cache (C:\Users\knima\AndroidStudioProjects\LoginAuthDemo\.gradle\6.7.1\fileHashes)" [_thread_blocked, id=780, stack(0x00000060d3700000,0x00000060d3800000)]
  0x000001648b380800 JavaThread "Cache worker for checksums cache (C:\Users\knima\AndroidStudioProjects\LoginAuthDemo\.gradle\checksums)" [_thread_blocked, id=22172, stack(0x00000060d3800000,0x00000060d3900000)]
  0x000001648b383000 JavaThread "Cache worker for cache directory md-supplier (C:\Users\knima\.gradle\caches\6.7.1\md-supplier)" [_thread_blocked, id=3468, stack(0x00000060d4200000,0x00000060d4300000)]
  0x000001648b37d000 JavaThread "Cache worker for cache directory md-rule (C:\Users\knima\.gradle\caches\6.7.1\md-rule)" [_thread_blocked, id=24076, stack(0x00000060d4300000,0x00000060d4400000)]
  0x000001648b383800 JavaThread "jar transforms Thread 1745" [_thread_blocked, id=8320, stack(0x00000060d4400000,0x00000060d4500000)]
  0x000001648b37f800 JavaThread "jar transforms Thread 1746" [_thread_blocked, id=16092, stack(0x00000060d4500000,0x00000060d4600000)]
  0x000001648b38a000 JavaThread "jar transforms Thread 1747" [_thread_blocked, id=12256, stack(0x00000060d4600000,0x00000060d4700000)]
  0x000001648b388800 JavaThread "jar transforms Thread 1748" [_thread_blocked, id=10996, stack(0x00000060d4700000,0x00000060d4800000)]
  0x000001648b386000 JavaThread "jar transforms Thread 1749" [_thread_blocked, id=3128, stack(0x00000060d4800000,0x00000060d4900000)]
  0x000001648b389800 JavaThread "jar transforms Thread 1750" [_thread_blocked, id=1944, stack(0x00000060d4900000,0x00000060d4a00000)]
  0x000001648b384800 JavaThread "jar transforms Thread 1751" [_thread_blocked, id=8868, stack(0x00000060d4a00000,0x00000060d4b00000)]
  0x000001648b38b000 JavaThread "jar transforms Thread 1752" [_thread_blocked, id=22740, stack(0x00000060d4b00000,0x00000060d4c00000)]
  0x000001648b385000 JavaThread "jar transforms Thread 1753" [_thread_blocked, id=24356, stack(0x00000060d4c00000,0x00000060d4d00000)]
  0x000001648b38c800 JavaThread "jar transforms Thread 1754" [_thread_blocked, id=6056, stack(0x00000060d4d00000,0x00000060d4e00000)]
  0x000001648b387000 JavaThread "jar transforms Thread 1755" [_thread_blocked, id=19612, stack(0x00000060d4e00000,0x00000060d4f00000)]
  0x000001648b38c000 JavaThread "jar transforms Thread 1756" [_thread_blocked, id=12980, stack(0x00000060d4f00000,0x00000060d5000000)]
  0x000001648b38d800 JavaThread "jar transforms Thread 1757" [_thread_blocked, id=3536, stack(0x00000060d5000000,0x00000060d5100000)]
  0x000001648b387800 JavaThread "Cache worker for Build Output Cleanup Cache (C:\Users\knima\AndroidStudioProjects\LoginAuthDemo\.gradle\buildOutputCleanup)" [_thread_blocked, id=21700, stack(0x00000060d5100000,0x00000060d5200000)]
  0x000001648b394000 JavaThread "Build operations" [_thread_blocked, id=15808, stack(0x00000060d5200000,0x00000060d5300000)]
  0x000001648b393000 JavaThread "Build operations Thread 2" [_thread_blocked, id=13320, stack(0x00000060d5300000,0x00000060d5400000)]
  0x000001648b38f000 JavaThread "Build operations Thread 3" [_thread_blocked, id=22420, stack(0x00000060d5400000,0x00000060d5500000)]
  0x000001648b392800 JavaThread "Build operations Thread 4" [_thread_blocked, id=1968, stack(0x00000060d5500000,0x00000060d5600000)]
  0x000001648b391800 JavaThread "Build operations Thread 5" [_thread_blocked, id=11652, stack(0x00000060d5600000,0x00000060d5700000)]
  0x000001648b38e000 JavaThread "Build operations Thread 6" [_thread_blocked, id=2732, stack(0x00000060d5700000,0x00000060d5800000)]
  0x000001648b390000 JavaThread "Build operations Thread 7" [_thread_blocked, id=4928, stack(0x00000060d5800000,0x00000060d5900000)]
  0x000001648b395800 JavaThread "Build operations Thread 8" [_thread_blocked, id=12384, stack(0x00000060d5900000,0x00000060d5a00000)]
  0x000001648b394800 JavaThread "jar transforms Thread 1758" [_thread_blocked, id=3288, stack(0x00000060d5d00000,0x00000060d5e00000)]
  0x000001648b390800 JavaThread "jar transforms Thread 1759" [_thread_blocked, id=16248, stack(0x00000060d5e00000,0x00000060d5f00000)]
  0x000001648b397000 JavaThread "jar transforms Thread 1760" [_thread_blocked, id=14424, stack(0x00000060d5f00000,0x00000060d6000000)]
  0x000001648b398000 JavaThread "jar transforms Thread 1761" [_thread_blocked, id=19772, stack(0x00000060d6000000,0x00000060d6100000)]
  0x000001648abc5800 JavaThread "jar transforms Thread 1762" [_thread_blocked, id=21060, stack(0x00000060d6100000,0x00000060d6200000)]
  0x000001648abc4800 JavaThread "jar transforms Thread 1763" [_thread_blocked, id=7216, stack(0x00000060d6200000,0x00000060d6300000)]
  0x000001648abc8000 JavaThread "jar transforms Thread 1764" [_thread_blocked, id=21440, stack(0x00000060d6300000,0x00000060d6400000)]
  0x000001648abc6000 JavaThread "jar transforms Thread 1765" [_thread_blocked, id=5204, stack(0x00000060d6400000,0x00000060d6500000)]
  0x000001648abc3000 JavaThread "jar transforms Thread 1766" [_thread_blocked, id=6084, stack(0x00000060d6500000,0x00000060d6600000)]
  0x000001648abcb000 JavaThread "jar transforms Thread 1767" [_thread_blocked, id=22020, stack(0x00000060d6600000,0x00000060d6700000)]
  0x000001648abcc000 JavaThread "jar transforms Thread 1768" [_thread_blocked, id=13200, stack(0x00000060d6700000,0x00000060d6800000)]
  0x000001648abcc800 JavaThread "jar transforms Thread 1769" [_thread_blocked, id=3012, stack(0x00000060d6800000,0x00000060d6900000)]
  0x000001648abc9800 JavaThread "jar transforms Thread 1770" [_thread_blocked, id=16644, stack(0x00000060d6900000,0x00000060d6a00000)]
  0x000001648abc8800 JavaThread "jar transforms Thread 1771" [_thread_blocked, id=20976, stack(0x00000060d6a00000,0x00000060d6b00000)]
  0x000001648abc7000 JavaThread "jar transforms Thread 1772" [_thread_blocked, id=19324, stack(0x00000060d6b00000,0x00000060d6c00000)]
  0x000001648abcd800 JavaThread "jar transforms Thread 1773" [_thread_blocked, id=12252, stack(0x00000060d6c00000,0x00000060d6d00000)]
  0x000001648abce800 JavaThread "jar transforms Thread 1774" [_thread_blocked, id=16876, stack(0x00000060d6d00000,0x00000060d6e00000)]
  0x000001648abcf000 JavaThread "jar transforms Thread 1775" [_thread_blocked, id=19980, stack(0x00000060d6e00000,0x00000060d6f00000)]
  0x000001648abd0000 JavaThread "jar transforms Thread 1776" [_thread_blocked, id=15096, stack(0x00000060d6f00000,0x00000060d7000000)]
  0x000001648abd1000 JavaThread "jar transforms Thread 1777" [_thread_blocked, id=17404, stack(0x00000060d7000000,0x00000060d7100000)]
  0x000001648abd1800 JavaThread "jar transforms Thread 1778" [_thread_blocked, id=15608, stack(0x00000060d7100000,0x00000060d7200000)]
  0x0000016485bb0800 JavaThread "jar transforms Thread 1779" [_thread_blocked, id=17860, stack(0x00000060d7200000,0x00000060d7300000)]
  0x0000016485bae800 JavaThread "jar transforms Thread 1780" [_thread_blocked, id=21656, stack(0x00000060d7300000,0x00000060d7400000)]
  0x0000016485bb2800 JavaThread "jar transforms Thread 1781" [_thread_blocked, id=11844, stack(0x00000060d7400000,0x00000060d7500000)]
  0x0000016485baf000 JavaThread "jar transforms Thread 1782" [_thread_blocked, id=2264, stack(0x00000060d7500000,0x00000060d7600000)]
  0x0000016485bb4000 JavaThread "jar transforms Thread 1783" [_thread_blocked, id=11240, stack(0x00000060d7600000,0x00000060d7700000)]
  0x0000016485bb5000 JavaThread "jar transforms Thread 1784" [_thread_blocked, id=9716, stack(0x00000060d7700000,0x00000060d7800000)]
  0x0000016485bb5800 JavaThread "jar transforms Thread 1785" [_thread_blocked, id=18688, stack(0x00000060d7800000,0x00000060d7900000)]
  0x0000016485bb0000 JavaThread "jar transforms Thread 1786" [_thread_blocked, id=9008, stack(0x00000060d7900000,0x00000060d7a00000)]
  0x0000016485bba800 JavaThread "jar transforms Thread 1787" [_thread_blocked, id=19844, stack(0x00000060d7a00000,0x00000060d7b00000)]
  0x0000016485bb9800 JavaThread "jar transforms Thread 1788" [_thread_blocked, id=12592, stack(0x00000060d7b00000,0x00000060d7c00000)]
  0x0000016485bb8000 JavaThread "jar transforms Thread 1789" [_thread_blocked, id=12872, stack(0x00000060d7c00000,0x00000060d7d00000)]
  0x0000016485bbb800 JavaThread "jar transforms Thread 1790" [_thread_blocked, id=19496, stack(0x00000060d7d00000,0x00000060d7e00000)]
  0x0000016485bbc000 JavaThread "jar transforms Thread 1791" [_thread_blocked, id=16220, stack(0x00000060d7e00000,0x00000060d7f00000)]
  0x0000016485bb9000 JavaThread "jar transforms Thread 1792" [_thread_blocked, id=23196, stack(0x00000060d7f00000,0x00000060d8000000)]
  0x0000016485bb6800 JavaThread "jar transforms Thread 1793" [_thread_blocked, id=7664, stack(0x00000060d8000000,0x00000060d8100000)]
  0x0000016485bb7000 JavaThread "jar transforms Thread 1794" [_thread_blocked, id=15468, stack(0x00000060d8100000,0x00000060d8200000)]
  0x000001648718e000 JavaThread "jar transforms Thread 1795" [_thread_blocked, id=5292, stack(0x00000060d8200000,0x00000060d8300000)]
  0x0000016487194800 JavaThread "jar transforms Thread 1796" [_thread_blocked, id=18956, stack(0x00000060d8300000,0x00000060d8400000)]
  0x000001648718e800 JavaThread "jar transforms Thread 1797" [_thread_blocked, id=20760, stack(0x00000060d8400000,0x00000060d8500000)]
  0x0000016487195000 JavaThread "jar transforms Thread 1798" [_thread_blocked, id=13396, stack(0x00000060d8500000,0x00000060d8600000)]
  0x0000016487196000 JavaThread "jar transforms Thread 1799" [_thread_blocked, id=6300, stack(0x00000060d8600000,0x00000060d8700000)]
  0x0000016487193800 JavaThread "jar transforms Thread 1800" [_thread_blocked, id=12076, stack(0x00000060d8700000,0x00000060d8800000)]
  0x0000016487190800 JavaThread "jar transforms Thread 1801" [_thread_blocked, id=11816, stack(0x00000060d8800000,0x00000060d8900000)]
  0x0000016487191000 JavaThread "jar transforms Thread 1802" [_thread_blocked, id=14788, stack(0x00000060d8900000,0x00000060d8a00000)]
  0x0000016487197800 JavaThread "jar transforms Thread 1803" [_thread_blocked, id=17080, stack(0x00000060d8a00000,0x00000060d8b00000)]
  0x0000016487192000 JavaThread "jar transforms Thread 1804" [_thread_blocked, id=15176, stack(0x00000060d8b00000,0x00000060d8c00000)]
  0x0000016487193000 JavaThread "jar transforms Thread 1805" [_thread_blocked, id=8948, stack(0x00000060d8c00000,0x00000060d8d00000)]
  0x0000016487199800 JavaThread "jar transforms Thread 1806" [_thread_blocked, id=19188, stack(0x00000060d8d00000,0x00000060d8e00000)]
  0x000001648719c000 JavaThread "jar transforms Thread 1807" [_thread_blocked, id=21100, stack(0x00000060d8e00000,0x00000060d8f00000)]
  0x000001648719c800 JavaThread "jar transforms Thread 1808" [_thread_blocked, id=22192, stack(0x00000060d8f00000,0x00000060d9000000)]
  0x0000016486131000 JavaThread "jar transforms Thread 1809" [_thread_blocked, id=12532, stack(0x00000060d9000000,0x00000060d9100000)]
  0x0000016486135000 JavaThread "jar transforms Thread 1810" [_thread_blocked, id=10420, stack(0x00000060d9100000,0x00000060d9200000)]
  0x0000016486136800 JavaThread "jar transforms Thread 1811" [_thread_blocked, id=2044, stack(0x00000060d9200000,0x00000060d9300000)]
  0x0000016486137800 JavaThread "jar transforms Thread 1812" [_thread_blocked, id=20948, stack(0x00000060d9300000,0x00000060d9400000)]
  0x0000016486133800 JavaThread "jar transforms Thread 1813" [_thread_blocked, id=18736, stack(0x00000060d9400000,0x00000060d9500000)]
  0x0000016486131800 JavaThread "jar transforms Thread 1814" [_thread_blocked, id=20368, stack(0x00000060d9500000,0x00000060d9600000)]
  0x0000016486132800 JavaThread "jar transforms Thread 1815" [_thread_blocked, id=11356, stack(0x00000060d9600000,0x00000060d9700000)]
  0x000001648613e000 JavaThread "jar transforms Thread 1816" [_thread_blocked, id=10776, stack(0x00000060d9700000,0x00000060d9800000)]
  0x000001648613a800 JavaThread "jar transforms Thread 1817" [_thread_blocked, id=15368, stack(0x00000060d9800000,0x00000060d9900000)]
  0x000001648613e800 JavaThread "jar transforms Thread 1818" [_thread_blocked, id=1020, stack(0x00000060d9900000,0x00000060d9a00000)]
  0x000001648613f800 JavaThread "jar transforms Thread 1819" [_thread_blocked, id=10132, stack(0x00000060d9a00000,0x00000060d9b00000)]
  0x000001648613c800 JavaThread "jar transforms Thread 1820" [_thread_blocked, id=11696, stack(0x00000060d9b00000,0x00000060d9c00000)]
  0x000001648613a000 JavaThread "jar transforms Thread 1821" [_thread_blocked, id=10044, stack(0x00000060d9c00000,0x00000060d9d00000)]
  0x00000164933c0800 JavaThread "jar transforms Thread 1822" [_thread_blocked, id=21032, stack(0x00000060d9d00000,0x00000060d9e00000)]
  0x00000164933c2000 JavaThread "jar transforms Thread 1823" [_thread_blocked, id=8764, stack(0x00000060d9e00000,0x00000060d9f00000)]
  0x00000164933bc000 JavaThread "jar transforms Thread 1824" [_thread_blocked, id=16492, stack(0x00000060d9f00000,0x00000060da000000)]
  0x00000164933c1000 JavaThread "jar transforms Thread 1825" [_thread_blocked, id=18728, stack(0x00000060da000000,0x00000060da100000)]
  0x00000164933be000 JavaThread "jar transforms Thread 1826" [_thread_blocked, id=11760, stack(0x00000060da100000,0x00000060da200000)]
  0x00000164933bf800 JavaThread "jar transforms Thread 1827" [_thread_blocked, id=10484, stack(0x00000060da200000,0x00000060da300000)]
  0x00000164933bd000 JavaThread "jar transforms Thread 1828" [_thread_blocked, id=6696, stack(0x00000060da300000,0x00000060da400000)]
  0x00000164933be800 JavaThread "jar transforms Thread 1829" [_thread_blocked, id=5472, stack(0x00000060da400000,0x00000060da500000)]
  0x000001648346f000 JavaThread "jar transforms Thread 1830" [_thread_blocked, id=9504, stack(0x00000060da500000,0x00000060da600000)]
  0x000001648a691800 JavaThread "jar transforms Thread 1831" [_thread_blocked, id=13132, stack(0x00000060da600000,0x00000060da700000)]
  0x000001648a68c800 JavaThread "jar transforms Thread 1832" [_thread_blocked, id=14180, stack(0x00000060da700000,0x00000060da800000)]
  0x000001648a691000 JavaThread "jar transforms Thread 1833" [_thread_blocked, id=6936, stack(0x00000060da800000,0x00000060da900000)]
  0x000001648a68e800 JavaThread "jar transforms Thread 1834" [_thread_blocked, id=1880, stack(0x00000060da900000,0x00000060daa00000)]
  0x000001648a690000 JavaThread "jar transforms Thread 1835" [_thread_blocked, id=13560, stack(0x00000060daa00000,0x00000060dab00000)]
  0x000001648a68d800 JavaThread "jar transforms Thread 1836" [_thread_blocked, id=7432, stack(0x00000060dab00000,0x00000060dac00000)]
  0x000001648a68f000 JavaThread "jar transforms Thread 1837" [_thread_blocked, id=2608, stack(0x00000060dac00000,0x00000060dad00000)]
  0x000001648a68c000 JavaThread "jar transforms Thread 1838" [_thread_blocked, id=7692, stack(0x00000060dad00000,0x00000060dae00000)]
  0x000001648a695800 JavaThread "jar transforms Thread 1839" [_thread_blocked, id=6620, stack(0x00000060dae00000,0x00000060daf00000)]
  0x000001648a695000 JavaThread "jar transforms Thread 1840" [_thread_blocked, id=3936, stack(0x00000060daf00000,0x00000060db000000)]
  0x000001648a698000 JavaThread "jar transforms Thread 1841" [_thread_blocked, id=10040, stack(0x00000060db000000,0x00000060db100000)]
  0x000001648a694000 JavaThread "jar transforms Thread 1842" [_thread_blocked, id=15648, stack(0x00000060db100000,0x00000060db200000)]
  0x000001648a696800 JavaThread "jar transforms Thread 1843" [_thread_blocked, id=22224, stack(0x00000060db200000,0x00000060db300000)]
  0x000001648a697800 JavaThread "jar transforms Thread 1844" [_thread_blocked, id=22504, stack(0x00000060db300000,0x00000060db400000)]
  0x000001648a692800 JavaThread "jar transforms Thread 1845" [_thread_blocked, id=32, stack(0x00000060db400000,0x00000060db500000)]
  0x000001648a699000 JavaThread "jar transforms Thread 1846" [_thread_blocked, id=11476, stack(0x00000060db500000,0x00000060db600000)]
  0x000001648a693000 JavaThread "jar transforms Thread 1847" [_thread_blocked, id=15480, stack(0x00000060db600000,0x00000060db700000)]
  0x000001648a69a000 JavaThread "jar transforms Thread 1848" [_thread_blocked, id=12008, stack(0x00000060db700000,0x00000060db800000)]
  0x000001648a69a800 JavaThread "jar transforms Thread 1849" [_thread_blocked, id=8960, stack(0x00000060db800000,0x00000060db900000)]
  0x000001648e5dc000 JavaThread "jar transforms Thread 1850" [_thread_blocked, id=15804, stack(0x00000060db900000,0x00000060dba00000)]
  0x000001648e5de800 JavaThread "jar transforms Thread 1851" [_thread_blocked, id=3452, stack(0x00000060dba00000,0x00000060dbb00000)]
  0x000001648e5df000 JavaThread "jar transforms Thread 1852" [_thread_blocked, id=18196, stack(0x00000060dbb00000,0x00000060dbc00000)]
  0x000001648e5dd000 JavaThread "jar transforms Thread 1853" [_thread_blocked, id=22208, stack(0x00000060dbc00000,0x00000060dbd00000)]
  0x000001648e5db000 JavaThread "jar transforms Thread 1854" [_thread_blocked, id=6580, stack(0x00000060dbd00000,0x00000060dbe00000)]
  0x000001648e5e2800 JavaThread "jar transforms Thread 1855" [_thread_blocked, id=10948, stack(0x00000060dbe00000,0x00000060dbf00000)]
  0x000001648e5e3800 JavaThread "jar transforms Thread 1856" [_thread_blocked, id=16944, stack(0x00000060dbf00000,0x00000060dc000000)]
  0x000001648e5dd800 JavaThread "jar transforms Thread 1857" [_thread_blocked, id=16048, stack(0x00000060dc000000,0x00000060dc100000)]
  0x000001648e5e4000 JavaThread "jar transforms Thread 1858" [_thread_blocked, id=3576, stack(0x00000060dc100000,0x00000060dc200000)]
  0x000001648e5e0000 JavaThread "jar transforms Thread 1859" [_thread_blocked, id=6336, stack(0x00000060dc200000,0x00000060dc300000)]
  0x000001648e5e5000 JavaThread "jar transforms Thread 1860" [_thread_blocked, id=8876, stack(0x00000060dc300000,0x00000060dc400000)]
  0x000001648e5e5800 JavaThread "jar transforms Thread 1861" [_thread_blocked, id=23300, stack(0x00000060dc400000,0x00000060dc500000)]
  0x000001648e5e6800 JavaThread "jar transforms Thread 1862" [_thread_blocked, id=15972, stack(0x00000060dc500000,0x00000060dc600000)]
  0x000001648e5e1000 JavaThread "jar transforms Thread 1863" [_thread_blocked, id=13812, stack(0x00000060dc600000,0x00000060dc700000)]
  0x000001648e5e7800 JavaThread "jar transforms Thread 1864" [_thread_blocked, id=9552, stack(0x00000060dc700000,0x00000060dc800000)]
  0x000001648e5e1800 JavaThread "jar transforms Thread 1865" [_thread_blocked, id=14656, stack(0x00000060dc900000,0x00000060dca00000)]
  0x000001648e5e9000 JavaThread "jar transforms Thread 1866" [_thread_blocked, id=9532, stack(0x00000060dca00000,0x00000060dcb00000)]
  0x000001648e5ea000 JavaThread "jar transforms Thread 1867" [_thread_blocked, id=3860, stack(0x00000060dcb00000,0x00000060dcc00000)]
  0x000001648e5e8000 JavaThread "jar transforms Thread 1868" [_thread_blocked, id=14700, stack(0x00000060dd100000,0x00000060dd200000)]
  0x000001648b396800 JavaThread "C2 CompilerThread1" daemon [_thread_in_native, id=17708, stack(0x00000060d5a00000,0x00000060d5b00000)]

Other Threads:
  0x00000164fef64000 VMThread "VM Thread" [stack: 0x00000060d2000000,0x00000060d2100000] [id=19908]
  0x00000164ffa7e800 WatcherThread [stack: 0x00000060d2a00000,0x00000060d2b00000] [id=3404]
  0x00000164e649f000 GCTaskThread "GC Thread#0" [stack: 0x00000060d1b00000,0x00000060d1c00000] [id=5108]
  0x0000016482940000 GCTaskThread "GC Thread#1" [stack: 0x00000060d2c00000,0x00000060d2d00000] [id=7352]
  0x0000016482990800 GCTaskThread "GC Thread#2" [stack: 0x00000060d2d00000,0x00000060d2e00000] [id=7024]
  0x00000164837fc000 GCTaskThread "GC Thread#3" [stack: 0x00000060d3900000,0x00000060d3a00000] [id=20100]
  0x0000016483b65000 GCTaskThread "GC Thread#4" [stack: 0x00000060d3a00000,0x00000060d3b00000] [id=11268]
  0x0000016483b65800 GCTaskThread "GC Thread#5" [stack: 0x00000060d3b00000,0x00000060d3c00000] [id=11748]
  0x0000016483a5c800 GCTaskThread "GC Thread#6" [stack: 0x00000060d3c00000,0x00000060d3d00000] [id=18188]
  0x0000016483a5d000 GCTaskThread "GC Thread#7" [stack: 0x00000060d3d00000,0x00000060d3e00000] [id=16576]
  0x00000164e64d3000 ConcurrentGCThread "G1 Main Marker" [stack: 0x00000060d1c00000,0x00000060d1d00000] [id=9472]
  0x00000164e64d5800 ConcurrentGCThread "G1 Conc#0" [stack: 0x00000060d1d00000,0x00000060d1e00000] [id=9892]
  0x000001648363a000 ConcurrentGCThread "G1 Conc#1" [stack: 0x00000060d4000000,0x00000060d4100000] [id=16632]
  0x00000164fedc0800 ConcurrentGCThread "G1 Refine#0" [stack: 0x00000060d1e00000,0x00000060d1f00000] [id=8464]
  0x00000164891ca000 ConcurrentGCThread "G1 Refine#1" [stack: 0x00000060d1900000,0x00000060d1a00000] [id=23188]
  0x000001648298b000 ConcurrentGCThread "G1 Refine#2" [stack: 0x00000060d2b00000,0x00000060d2c00000] [id=5152]
  0x00000164e6564000 ConcurrentGCThread "G1 Young RemSet Sampling" [stack: 0x00000060d1f00000,0x00000060d2000000] [id=15760]

Threads with active compile tasks:
C2 CompilerThread010239524 25028   !   4       org.apache.commons.lang.reflect.MethodUtils::getMatchingAccessibleMethod (122 bytes)
C2 CompilerThread110239524 25048       4       org.codehaus.groovy.antlr.parser.GroovyRecognizer::primaryExpression (922 bytes)

VM state:not at safepoint (normal execution)

VM Mutex/Monitor currently owned by a thread: None

Heap address: 0x0000000080000000, size: 2048 MB, Compressed Oops mode: 32-bit
Narrow klass base: 0x0000000000000000, Narrow klass shift: 3
Compressed class space size: 1073741824 Address: 0x0000000100000000

Heap:
 garbage-first heap   total 239616K, used 166434K [0x0000000080000000, 0x0000000100000000)
  region size 1024K, 39 young (39936K), 3 survivors (3072K)
 Metaspace       used 177349K, capacity 181733K, committed 198272K, reserved 1218560K
  class space    used 21881K, capacity 23452K, committed 28288K, reserved 1048576K
Heap Regions: E=young(eden), S=young(survivor), O=old, HS=humongous(starts), HC=humongous(continues), CS=collection set, F=free, A=archive, TAMS=top-at-mark-start (previous, next)
|   0|0x0000000080000000, 0x0000000080100000, 0x0000000080100000|100%| O|  |TAMS 0x0000000080100000, 0x0000000080000000| Untracked 
|   1|0x0000000080100000, 0x0000000080200000, 0x0000000080200000|100%| O|  |TAMS 0x0000000080200000, 0x0000000080100000| Untracked 
|   2|0x0000000080200000, 0x0000000080300000, 0x0000000080300000|100%| O|  |TAMS 0x0000000080300000, 0x0000000080200000| Untracked 
|   3|0x0000000080300000, 0x0000000080400000, 0x0000000080400000|100%|HS|  |TAMS 0x0000000080400000, 0x0000000080300000| Complete 
|   4|0x0000000080400000, 0x0000000080500000, 0x0000000080500000|100%|HC|  |TAMS 0x0000000080500000, 0x0000000080400000| Complete 
|   5|0x0000000080500000, 0x0000000080600000, 0x0000000080600000|100%|HC|  |TAMS 0x0000000080600000, 0x0000000080500000| Complete 
|   6|0x0000000080600000, 0x0000000080700000, 0x0000000080700000|100%| O|  |TAMS 0x0000000080700000, 0x0000000080600000| Untracked 
|   7|0x0000000080700000, 0x0000000080800000, 0x0000000080800000|100%| O|  |TAMS 0x0000000080800000, 0x0000000080700000| Untracked 
|   8|0x0000000080800000, 0x0000000080900000, 0x0000000080900000|100%| O|  |TAMS 0x0000000080900000, 0x0000000080800000| Complete 
|   9|0x0000000080900000, 0x0000000080a00000, 0x0000000080a00000|100%| O|  |TAMS 0x0000000080a00000, 0x0000000080900000| Complete 
|  10|0x0000000080a00000, 0x0000000080b00000, 0x0000000080b00000|100%| O|  |TAMS 0x0000000080b00000, 0x0000000080a00000| Untracked 
|  11|0x0000000080b00000, 0x0000000080c00000, 0x0000000080c00000|100%| O|  |TAMS 0x0000000080c00000, 0x0000000080b00000| Untracked 
|  12|0x0000000080c00000, 0x0000000080d00000, 0x0000000080d00000|100%| O|  |TAMS 0x0000000080d00000, 0x0000000080c00000| Untracked 
|  13|0x0000000080d00000, 0x0000000080e00000, 0x0000000080e00000|100%| O|  |TAMS 0x0000000080e00000, 0x0000000080d00000| Untracked 
|  14|0x0000000080e00000, 0x0000000080f00000, 0x0000000080f00000|100%| O|  |TAMS 0x0000000080f00000, 0x0000000080e00000| Complete 
|  15|0x0000000080f00000, 0x0000000081000000, 0x0000000081000000|100%| O|  |TAMS 0x0000000081000000, 0x0000000080f00000| Complete 
|  16|0x0000000081000000, 0x0000000081100000, 0x0000000081100000|100%|HS|  |TAMS 0x0000000081100000, 0x0000000081000000| Complete 
|  17|0x0000000081100000, 0x0000000081200000, 0x0000000081200000|100%|HC|  |TAMS 0x0000000081200000, 0x0000000081100000| Complete 
|  18|0x0000000081200000, 0x0000000081300000, 0x0000000081300000|100%|HS|  |TAMS 0x0000000081300000, 0x0000000081200000| Complete 
|  19|0x0000000081300000, 0x0000000081400000, 0x0000000081400000|100%|HC|  |TAMS 0x0000000081400000, 0x0000000081300000| Complete 
|  20|0x0000000081400000, 0x0000000081500000, 0x0000000081500000|100%|HC|  |TAMS 0x0000000081500000, 0x0000000081400000| Complete 
|  21|0x0000000081500000, 0x0000000081600000, 0x0000000081600000|100%|HS|  |TAMS 0x0000000081600000, 0x0000000081500000| Complete 
|  22|0x0000000081600000, 0x0000000081700000, 0x0000000081700000|100%|HC|  |TAMS 0x0000000081700000, 0x0000000081600000| Complete 
|  23|0x0000000081700000, 0x0000000081800000, 0x0000000081800000|100%|HC|  |TAMS 0x0000000081800000, 0x0000000081700000| Complete 
|  24|0x0000000081800000, 0x0000000081900000, 0x0000000081900000|100%|HC|  |TAMS 0x0000000081900000, 0x0000000081800000| Complete 
|  25|0x0000000081900000, 0x0000000081a00000, 0x0000000081a00000|100%| O|  |TAMS 0x0000000081a00000, 0x0000000081900000| Untracked 
|  26|0x0000000081a00000, 0x0000000081b00000, 0x0000000081b00000|100%| O|  |TAMS 0x0000000081b00000, 0x0000000081a00000| Untracked 
|  27|0x0000000081b00000, 0x0000000081c00000, 0x0000000081c00000|100%| O|  |TAMS 0x0000000081c00000, 0x0000000081b00000| Complete 
|  28|0x0000000081c00000, 0x0000000081d00000, 0x0000000081d00000|100%| O|  |TAMS 0x0000000081d00000, 0x0000000081c00000| Complete 
|  29|0x0000000081d00000, 0x0000000081e00000, 0x0000000081e00000|100%| O|  |TAMS 0x0000000081e00000, 0x0000000081d00000| Complete 
|  30|0x0000000081e00000, 0x0000000081f00000, 0x0000000081f00000|100%| O|  |TAMS 0x0000000081f00000, 0x0000000081e00000| Untracked 
|  31|0x0000000081f00000, 0x0000000082000000, 0x0000000082000000|100%| O|  |TAMS 0x0000000082000000, 0x0000000081f00000| Untracked 
|  32|0x0000000082000000, 0x0000000082100000, 0x0000000082100000|100%|HS|  |TAMS 0x0000000082100000, 0x0000000082000000| Complete 
|  33|0x0000000082100000, 0x0000000082200000, 0x0000000082200000|100%|HC|  |TAMS 0x0000000082200000, 0x0000000082100000| Complete 
|  34|0x0000000082200000, 0x0000000082300000, 0x0000000082300000|100%|HC|  |TAMS 0x0000000082300000, 0x0000000082200000| Complete 
|  35|0x0000000082300000, 0x0000000082400000, 0x0000000082400000|100%|HC|  |TAMS 0x0000000082400000, 0x0000000082300000| Complete 
|  36|0x0000000082400000, 0x0000000082500000, 0x0000000082500000|100%|HS|  |TAMS 0x0000000082500000, 0x0000000082400000| Complete 
|  37|0x0000000082500000, 0x0000000082600000, 0x0000000082600000|100%|HC|  |TAMS 0x0000000082600000, 0x0000000082500000| Complete 
|  38|0x0000000082600000, 0x0000000082700000, 0x0000000082700000|100%|HC|  |TAMS 0x0000000082700000, 0x0000000082600000| Complete 
|  39|0x0000000082700000, 0x0000000082800000, 0x0000000082800000|100%| O|  |TAMS 0x0000000082800000, 0x0000000082700000| Complete 
|  40|0x0000000082800000, 0x0000000082900000, 0x0000000082900000|100%| O|  |TAMS 0x0000000082900000, 0x0000000082800000| Complete 
|  41|0x0000000082900000, 0x0000000082900000, 0x0000000082a00000|  0%| F|  |TAMS 0x0000000082900000, 0x0000000082900000| Untracked 
|  42|0x0000000082a00000, 0x0000000082b00000, 0x0000000082b00000|100%| O|  |TAMS 0x0000000082b00000, 0x0000000082a00000| Complete 
|  43|0x0000000082b00000, 0x0000000082c00000, 0x0000000082c00000|100%| O|  |TAMS 0x0000000082c00000, 0x0000000082b00000| Complete 
|  44|0x0000000082c00000, 0x0000000082d00000, 0x0000000082d00000|100%| O|  |TAMS 0x0000000082d00000, 0x0000000082c00000| Complete 
|  45|0x0000000082d00000, 0x0000000082e00000, 0x0000000082e00000|100%| O|  |TAMS 0x0000000082e00000, 0x0000000082d00000| Complete 
|  46|0x0000000082e00000, 0x0000000082f00000, 0x0000000082f00000|100%| O|  |TAMS 0x0000000082f00000, 0x0000000082e00000| Complete 
|  47|0x0000000082f00000, 0x0000000082f00000, 0x0000000083000000|  0%| F|  |TAMS 0x0000000082f00000, 0x0000000082f00000| Untracked 
|  48|0x0000000083000000, 0x0000000083100000, 0x0000000083100000|100%|HS|  |TAMS 0x0000000083100000, 0x0000000083000000| Complete 
|  49|0x0000000083100000, 0x0000000083200000, 0x0000000083200000|100%|HS|  |TAMS 0x0000000083200000, 0x0000000083100000| Complete 
|  50|0x0000000083200000, 0x0000000083300000, 0x0000000083300000|100%|HS|  |TAMS 0x0000000083300000, 0x0000000083200000| Complete 
|  51|0x0000000083300000, 0x0000000083400000, 0x0000000083400000|100%|HC|  |TAMS 0x0000000083400000, 0x0000000083300000| Complete 
|  52|0x0000000083400000, 0x0000000083500000, 0x0000000083500000|100%|HC|  |TAMS 0x0000000083500000, 0x0000000083400000| Complete 
|  53|0x0000000083500000, 0x0000000083600000, 0x0000000083600000|100%|HS|  |TAMS 0x0000000083600000, 0x0000000083500000| Complete 
|  54|0x0000000083600000, 0x0000000083700000, 0x0000000083700000|100%|HC|  |TAMS 0x0000000083700000, 0x0000000083600000| Complete 
|  55|0x0000000083700000, 0x0000000083800000, 0x0000000083800000|100%| O|  |TAMS 0x0000000083800000, 0x0000000083700000| Complete 
|  56|0x0000000083800000, 0x0000000083900000, 0x0000000083900000|100%| O|  |TAMS 0x0000000083900000, 0x0000000083800000| Complete 
|  57|0x0000000083900000, 0x0000000083a00000, 0x0000000083a00000|100%| O|  |TAMS 0x0000000083a00000, 0x0000000083900000| Complete 
|  58|0x0000000083a00000, 0x0000000083a00000, 0x0000000083b00000|  0%| F|  |TAMS 0x0000000083a00000, 0x0000000083a00000| Untracked 
|  59|0x0000000083b00000, 0x0000000083c00000, 0x0000000083c00000|100%| O|  |TAMS 0x0000000083c00000, 0x0000000083b00000| Untracked 
|  60|0x0000000083c00000, 0x0000000083d00000, 0x0000000083d00000|100%| O|  |TAMS 0x0000000083d00000, 0x0000000083c00000| Untracked 
|  61|0x0000000083d00000, 0x0000000083e00000, 0x0000000083e00000|100%| O|  |TAMS 0x0000000083e00000, 0x0000000083d00000| Untracked 
|  62|0x0000000083e00000, 0x0000000083f00000, 0x0000000083f00000|100%| O|  |TAMS 0x0000000083f00000, 0x0000000083e00000| Untracked 
|  63|0x0000000083f00000, 0x0000000084000000, 0x0000000084000000|100%| O|  |TAMS 0x0000000084000000, 0x0000000083f00000| Complete 
|  64|0x0000000084000000, 0x0000000084000000, 0x0000000084100000|  0%| F|  |TAMS 0x0000000084000000, 0x0000000084000000| Untracked 
|  65|0x0000000084100000, 0x0000000084200000, 0x0000000084200000|100%| O|  |TAMS 0x0000000084200000, 0x0000000084100000| Complete 
|  66|0x0000000084200000, 0x0000000084300000, 0x0000000084300000|100%| O|  |TAMS 0x0000000084300000, 0x0000000084200000| Complete 
|  67|0x0000000084300000, 0x0000000084400000, 0x0000000084400000|100%| O|  |TAMS 0x0000000084400000, 0x0000000084300000| Complete 
|  68|0x0000000084400000, 0x0000000084500000, 0x0000000084500000|100%| O|  |TAMS 0x0000000084500000, 0x0000000084400000| Complete 
|  69|0x0000000084500000, 0x0000000084600000, 0x0000000084600000|100%| O|  |TAMS 0x0000000084600000, 0x0000000084500000| Untracked 
|  70|0x0000000084600000, 0x0000000084700000, 0x0000000084700000|100%| O|  |TAMS 0x0000000084700000, 0x0000000084600000| Untracked 
|  71|0x0000000084700000, 0x0000000084800000, 0x0000000084800000|100%| O|  |TAMS 0x0000000084800000, 0x0000000084700000| Complete 
|  72|0x0000000084800000, 0x0000000084900000, 0x0000000084900000|100%| O|  |TAMS 0x0000000084900000, 0x0000000084800000| Untracked 
|  73|0x0000000084900000, 0x0000000084a00000, 0x0000000084a00000|100%| O|  |TAMS 0x0000000084a00000, 0x0000000084900000| Untracked 
|  74|0x0000000084a00000, 0x0000000084b00000, 0x0000000084b00000|100%| O|  |TAMS 0x0000000084b00000, 0x0000000084a00000| Complete 
|  75|0x0000000084b00000, 0x0000000084c00000, 0x0000000084c00000|100%| O|  |TAMS 0x0000000084c00000, 0x0000000084b00000| Complete 
|  76|0x0000000084c00000, 0x0000000084d00000, 0x0000000084d00000|100%| O|  |TAMS 0x0000000084d00000, 0x0000000084c00000| Complete 
|  77|0x0000000084d00000, 0x0000000084e00000, 0x0000000084e00000|100%| O|  |TAMS 0x0000000084e00000, 0x0000000084d00000| Untracked 
|  78|0x0000000084e00000, 0x0000000084f00000, 0x0000000084f00000|100%| O|  |TAMS 0x0000000084f00000, 0x0000000084e00000| Complete 
|  79|0x0000000084f00000, 0x0000000085000000, 0x0000000085000000|100%| O|  |TAMS 0x0000000085000000, 0x0000000084f00000| Untracked 
|  80|0x0000000085000000, 0x0000000085100000, 0x0000000085100000|100%| O|  |TAMS 0x0000000085100000, 0x0000000085000000| Complete 
|  81|0x0000000085100000, 0x0000000085100000, 0x0000000085200000|  0%| F|  |TAMS 0x0000000085100000, 0x0000000085100000| Untracked 
|  82|0x0000000085200000, 0x0000000085300000, 0x0000000085300000|100%| O|  |TAMS 0x0000000085300000, 0x0000000085200000| Complete 
|  83|0x0000000085300000, 0x0000000085400000, 0x0000000085400000|100%| O|  |TAMS 0x0000000085400000, 0x0000000085300000| Untracked 
|  84|0x0000000085400000, 0x0000000085500000, 0x0000000085500000|100%| O|  |TAMS 0x0000000085500000, 0x0000000085400000| Complete 
|  85|0x0000000085500000, 0x0000000085600000, 0x0000000085600000|100%| O|  |TAMS 0x0000000085600000, 0x0000000085500000| Untracked 
|  86|0x0000000085600000, 0x0000000085700000, 0x0000000085700000|100%| O|  |TAMS 0x0000000085700000, 0x0000000085600000| Untracked 
|  87|0x0000000085700000, 0x0000000085700000, 0x0000000085800000|  0%| F|  |TAMS 0x0000000085700000, 0x0000000085700000| Untracked 
|  88|0x0000000085800000, 0x0000000085900000, 0x0000000085900000|100%| O|  |TAMS 0x0000000085900000, 0x0000000085800000| Untracked 
|  89|0x0000000085900000, 0x0000000085900000, 0x0000000085a00000|  0%| F|  |TAMS 0x0000000085900000, 0x0000000085900000| Untracked 
|  90|0x0000000085a00000, 0x0000000085a00000, 0x0000000085b00000|  0%| F|  |TAMS 0x0000000085a00000, 0x0000000085a00000| Untracked 
|  91|0x0000000085b00000, 0x0000000085b00000, 0x0000000085c00000|  0%| F|  |TAMS 0x0000000085b00000, 0x0000000085b00000| Untracked 
|  92|0x0000000085c00000, 0x0000000085d00000, 0x0000000085d00000|100%| O|  |TAMS 0x0000000085d00000, 0x0000000085c00000| Complete 
|  93|0x0000000085d00000, 0x0000000085e00000, 0x0000000085e00000|100%| O|  |TAMS 0x0000000085e00000, 0x0000000085d00000| Complete 
|  94|0x0000000085e00000, 0x0000000085e00000, 0x0000000085f00000|  0%| F|  |TAMS 0x0000000085e00000, 0x0000000085e00000| Untracked 
|  95|0x0000000085f00000, 0x0000000086000000, 0x0000000086000000|100%| O|  |TAMS 0x0000000086000000, 0x0000000085f00000| Complete 
|  96|0x0000000086000000, 0x0000000086100000, 0x0000000086100000|100%| O|  |TAMS 0x0000000086100000, 0x0000000086000000| Untracked 
|  97|0x0000000086100000, 0x0000000086200000, 0x0000000086200000|100%| O|  |TAMS 0x0000000086200000, 0x0000000086100000| Untracked 
|  98|0x0000000086200000, 0x0000000086300000, 0x0000000086300000|100%| O|  |TAMS 0x0000000086300000, 0x0000000086200000| Untracked 
|  99|0x0000000086300000, 0x0000000086400000, 0x0000000086400000|100%| O|  |TAMS 0x0000000086400000, 0x0000000086300000| Complete 
| 100|0x0000000086400000, 0x0000000086400000, 0x0000000086500000|  0%| F|  |TAMS 0x0000000086400000, 0x0000000086400000| Untracked 
| 101|0x0000000086500000, 0x0000000086500000, 0x0000000086600000|  0%| F|  |TAMS 0x0000000086500000, 0x0000000086500000| Untracked 
| 102|0x0000000086600000, 0x0000000086600000, 0x0000000086700000|  0%| F|  |TAMS 0x0000000086600000, 0x0000000086600000| Untracked 
| 103|0x0000000086700000, 0x0000000086700000, 0x0000000086800000|  0%| F|  |TAMS 0x0000000086700000, 0x0000000086700000| Untracked 
| 104|0x0000000086800000, 0x0000000086900000, 0x0000000086900000|100%| O|  |TAMS 0x0000000086900000, 0x0000000086800000| Untracked 
| 105|0x0000000086900000, 0x0000000086a00000, 0x0000000086a00000|100%| O|  |TAMS 0x0000000086a00000, 0x0000000086900000| Untracked 
| 106|0x0000000086a00000, 0x0000000086b00000, 0x0000000086b00000|100%| O|  |TAMS 0x0000000086b00000, 0x0000000086a00000| Complete 
| 107|0x0000000086b00000, 0x0000000086c00000, 0x0000000086c00000|100%| O|  |TAMS 0x0000000086c00000, 0x0000000086b00000| Untracked 
| 108|0x0000000086c00000, 0x0000000086d00000, 0x0000000086d00000|100%| O|  |TAMS 0x0000000086d00000, 0x0000000086c00000| Complete 
| 109|0x0000000086d00000, 0x0000000086d00000, 0x0000000086e00000|  0%| F|  |TAMS 0x0000000086d00000, 0x0000000086d00000| Untracked 
| 110|0x0000000086e00000, 0x0000000086e00000, 0x0000000086f00000|  0%| F|  |TAMS 0x0000000086e00000, 0x0000000086e00000| Untracked 
| 111|0x0000000086f00000, 0x0000000087000000, 0x0000000087000000|100%| O|  |TAMS 0x0000000087000000, 0x0000000086f00000| Complete 
| 112|0x0000000087000000, 0x0000000087100000, 0x0000000087100000|100%| O|  |TAMS 0x0000000087100000, 0x0000000087000000| Complete 
| 113|0x0000000087100000, 0x0000000087200000, 0x0000000087200000|100%| O|  |TAMS 0x0000000087200000, 0x0000000087100000| Untracked 
| 114|0x0000000087200000, 0x0000000087200000, 0x0000000087300000|  0%| F|  |TAMS 0x0000000087200000, 0x0000000087200000| Untracked 
| 115|0x0000000087300000, 0x0000000087300000, 0x0000000087400000|  0%| F|  |TAMS 0x0000000087300000, 0x0000000087300000| Untracked 
| 116|0x0000000087400000, 0x0000000087500000, 0x0000000087500000|100%| O|  |TAMS 0x0000000087500000, 0x0000000087400000| Untracked 
| 117|0x0000000087500000, 0x0000000087600000, 0x0000000087600000|100%| O|  |TAMS 0x0000000087600000, 0x0000000087500000| Complete 
| 118|0x0000000087600000, 0x0000000087700000, 0x0000000087700000|100%| O|  |TAMS 0x0000000087700000, 0x0000000087600000| Untracked 
| 119|0x0000000087700000, 0x0000000087800000, 0x0000000087800000|100%| O|  |TAMS 0x0000000087800000, 0x0000000087700000| Complete 
| 120|0x0000000087800000, 0x0000000087900000, 0x0000000087900000|100%| O|  |TAMS 0x0000000087900000, 0x0000000087800000| Untracked 
| 121|0x0000000087900000, 0x0000000087a00000, 0x0000000087a00000|100%| O|  |TAMS 0x0000000087a00000, 0x0000000087900000| Complete 
| 122|0x0000000087a00000, 0x0000000087b00000, 0x0000000087b00000|100%| O|  |TAMS 0x0000000087b00000, 0x0000000087a00000| Complete 
| 123|0x0000000087b00000, 0x0000000087c00000, 0x0000000087c00000|100%| O|  |TAMS 0x0000000087c00000, 0x0000000087b00000| Untracked 
| 124|0x0000000087c00000, 0x0000000087d00000, 0x0000000087d00000|100%| O|  |TAMS 0x0000000087d00000, 0x0000000087c00000| Untracked 
| 125|0x0000000087d00000, 0x0000000087e00000, 0x0000000087e00000|100%| O|  |TAMS 0x0000000087e00000, 0x0000000087d00000| Untracked 
| 126|0x0000000087e00000, 0x0000000087f00000, 0x0000000087f00000|100%| O|  |TAMS 0x0000000087f00000, 0x0000000087e00000| Untracked 
| 127|0x0000000087f00000, 0x0000000088000000, 0x0000000088000000|100%| O|  |TAMS 0x0000000088000000, 0x0000000087f00000| Untracked 
| 128|0x0000000088000000, 0x0000000088100000, 0x0000000088100000|100%| O|  |TAMS 0x0000000088100000, 0x0000000088000000| Untracked 
| 129|0x0000000088100000, 0x0000000088200000, 0x0000000088200000|100%| O|  |TAMS 0x0000000088200000, 0x0000000088100000| Untracked 
| 130|0x0000000088200000, 0x0000000088300000, 0x0000000088300000|100%| O|  |TAMS 0x0000000088300000, 0x0000000088200000| Untracked 
| 131|0x0000000088300000, 0x0000000088400000, 0x0000000088400000|100%| O|  |TAMS 0x0000000088400000, 0x0000000088300000| Complete 
| 132|0x0000000088400000, 0x0000000088500000, 0x0000000088500000|100%| O|  |TAMS 0x0000000088500000, 0x0000000088400000| Untracked 
| 133|0x0000000088500000, 0x0000000088600000, 0x0000000088600000|100%| O|  |TAMS 0x0000000088600000, 0x0000000088500000| Complete 
| 134|0x0000000088600000, 0x0000000088700000, 0x0000000088700000|100%| O|  |TAMS 0x0000000088700000, 0x0000000088600000| Untracked 
| 135|0x0000000088700000, 0x0000000088800000, 0x0000000088800000|100%| O|  |TAMS 0x0000000088800000, 0x0000000088700000| Untracked 
| 136|0x0000000088800000, 0x0000000088900000, 0x0000000088900000|100%| O|  |TAMS 0x0000000088900000, 0x0000000088800000| Untracked 
| 137|0x0000000088900000, 0x0000000088a00000, 0x0000000088a00000|100%| O|  |TAMS 0x0000000088a00000, 0x0000000088900000| Untracked 
| 138|0x0000000088a00000, 0x0000000088b00000, 0x0000000088b00000|100%| O|  |TAMS 0x0000000088b00000, 0x0000000088a00000| Untracked 
| 139|0x0000000088b00000, 0x0000000088c00000, 0x0000000088c00000|100%| O|  |TAMS 0x0000000088c00000, 0x0000000088b00000| Complete 
| 140|0x0000000088c00000, 0x0000000088d00000, 0x0000000088d00000|100%| O|  |TAMS 0x0000000088d00000, 0x0000000088c00000| Complete 
| 141|0x0000000088d00000, 0x0000000088d17200, 0x0000000088e00000|  9%| O|  |TAMS 0x0000000088d17200, 0x0000000088d00000| Untracked 
| 142|0x0000000088e00000, 0x0000000088e00000, 0x0000000088f00000|  0%| F|  |TAMS 0x0000000088e00000, 0x0000000088e00000| Untracked 
| 143|0x0000000088f00000, 0x0000000088f00000, 0x0000000089000000|  0%| F|  |TAMS 0x0000000088f00000, 0x0000000088f00000| Untracked 
| 144|0x0000000089000000, 0x0000000089000000, 0x0000000089100000|  0%| F|  |TAMS 0x0000000089000000, 0x0000000089000000| Untracked 
| 145|0x0000000089100000, 0x0000000089100000, 0x0000000089200000|  0%| F|  |TAMS 0x0000000089100000, 0x0000000089100000| Untracked 
| 146|0x0000000089200000, 0x0000000089200000, 0x0000000089300000|  0%| F|  |TAMS 0x0000000089200000, 0x0000000089200000| Untracked 
| 147|0x0000000089300000, 0x0000000089300000, 0x0000000089400000|  0%| F|  |TAMS 0x0000000089300000, 0x0000000089300000| Untracked 
| 148|0x0000000089400000, 0x0000000089400000, 0x0000000089500000|  0%| F|  |TAMS 0x0000000089400000, 0x0000000089400000| Untracked 
| 149|0x0000000089500000, 0x0000000089500000, 0x0000000089600000|  0%| F|  |TAMS 0x0000000089500000, 0x0000000089500000| Untracked 
| 150|0x0000000089600000, 0x0000000089600000, 0x0000000089700000|  0%| F|  |TAMS 0x0000000089600000, 0x0000000089600000| Untracked 
| 151|0x0000000089700000, 0x0000000089700000, 0x0000000089800000|  0%| F|  |TAMS 0x0000000089700000, 0x0000000089700000| Untracked 
| 152|0x0000000089800000, 0x0000000089800000, 0x0000000089900000|  0%| F|  |TAMS 0x0000000089800000, 0x0000000089800000| Untracked 
| 153|0x0000000089900000, 0x0000000089900000, 0x0000000089a00000|  0%| F|  |TAMS 0x0000000089900000, 0x0000000089900000| Untracked 
| 154|0x0000000089a00000, 0x0000000089a00000, 0x0000000089b00000|  0%| F|  |TAMS 0x0000000089a00000, 0x0000000089a00000| Untracked 
| 155|0x0000000089b00000, 0x0000000089b00000, 0x0000000089c00000|  0%| F|  |TAMS 0x0000000089b00000, 0x0000000089b00000| Untracked 
| 156|0x0000000089c00000, 0x0000000089c00000, 0x0000000089d00000|  0%| F|  |TAMS 0x0000000089c00000, 0x0000000089c00000| Untracked 
| 157|0x0000000089d00000, 0x0000000089d00000, 0x0000000089e00000|  0%| F|  |TAMS 0x0000000089d00000, 0x0000000089d00000| Untracked 
| 158|0x0000000089e00000, 0x0000000089f00000, 0x0000000089f00000|100%| O|  |TAMS 0x0000000089f00000, 0x0000000089e00000| Complete 
| 159|0x0000000089f00000, 0x0000000089f00000, 0x000000008a000000|  0%| F|  |TAMS 0x0000000089f00000, 0x0000000089f00000| Untracked 
| 160|0x000000008a000000, 0x000000008a000000, 0x000000008a100000|  0%| F|  |TAMS 0x000000008a000000, 0x000000008a000000| Untracked 
| 161|0x000000008a100000, 0x000000008a100000, 0x000000008a200000|  0%| F|  |TAMS 0x000000008a100000, 0x000000008a100000| Untracked 
| 162|0x000000008a200000, 0x000000008a300000, 0x000000008a300000|100%| O|  |TAMS 0x000000008a300000, 0x000000008a200000| Complete 
| 163|0x000000008a300000, 0x000000008a400000, 0x000000008a400000|100%| O|  |TAMS 0x000000008a400000, 0x000000008a300000| Complete 
| 164|0x000000008a400000, 0x000000008a400000, 0x000000008a500000|  0%| F|  |TAMS 0x000000008a400000, 0x000000008a400000| Untracked 
| 165|0x000000008a500000, 0x000000008a500000, 0x000000008a600000|  0%| F|  |TAMS 0x000000008a500000, 0x000000008a500000| Untracked 
| 166|0x000000008a600000, 0x000000008a600000, 0x000000008a700000|  0%| F|  |TAMS 0x000000008a600000, 0x000000008a600000| Untracked 
| 167|0x000000008a700000, 0x000000008a700000, 0x000000008a800000|  0%| F|  |TAMS 0x000000008a700000, 0x000000008a700000| Untracked 
| 168|0x000000008a800000, 0x000000008a800000, 0x000000008a900000|  0%| F|  |TAMS 0x000000008a800000, 0x000000008a800000| Untracked 
| 169|0x000000008a900000, 0x000000008a900000, 0x000000008aa00000|  0%| F|  |TAMS 0x000000008a900000, 0x000000008a900000| Untracked 
| 170|0x000000008aa00000, 0x000000008aa00000, 0x000000008ab00000|  0%| F|  |TAMS 0x000000008aa00000, 0x000000008aa00000| Untracked 
| 171|0x000000008ab00000, 0x000000008ab00000, 0x000000008ac00000|  0%| F|  |TAMS 0x000000008ab00000, 0x000000008ab00000| Untracked 
| 172|0x000000008ac00000, 0x000000008ac00000, 0x000000008ad00000|  0%| F|  |TAMS 0x000000008ac00000, 0x000000008ac00000| Untracked 
| 173|0x000000008ad00000, 0x000000008ad00000, 0x000000008ae00000|  0%| F|  |TAMS 0x000000008ad00000, 0x000000008ad00000| Untracked 
| 174|0x000000008ae00000, 0x000000008ae00000, 0x000000008af00000|  0%| F|  |TAMS 0x000000008ae00000, 0x000000008ae00000| Untracked 
| 175|0x000000008af00000, 0x000000008af71680, 0x000000008b000000| 44%| S|CS|TAMS 0x000000008af00000, 0x000000008af00000| Complete 
| 176|0x000000008b000000, 0x000000008b100000, 0x000000008b100000|100%| S|CS|TAMS 0x000000008b000000, 0x000000008b000000| Complete 
| 177|0x000000008b100000, 0x000000008b200000, 0x000000008b200000|100%| S|CS|TAMS 0x000000008b100000, 0x000000008b100000| Complete 
| 178|0x000000008b200000, 0x000000008b200000, 0x000000008b300000|  0%| F|  |TAMS 0x000000008b200000, 0x000000008b200000| Untracked 
| 179|0x000000008b300000, 0x000000008b300000, 0x000000008b400000|  0%| F|  |TAMS 0x000000008b300000, 0x000000008b300000| Untracked 
| 180|0x000000008b400000, 0x000000008b400000, 0x000000008b500000|  0%| F|  |TAMS 0x000000008b400000, 0x000000008b400000| Untracked 
| 181|0x000000008b500000, 0x000000008b500000, 0x000000008b600000|  0%| F|  |TAMS 0x000000008b500000, 0x000000008b500000| Untracked 
| 182|0x000000008b600000, 0x000000008b600000, 0x000000008b700000|  0%| F|  |TAMS 0x000000008b600000, 0x000000008b600000| Untracked 
| 183|0x000000008b700000, 0x000000008b700000, 0x000000008b800000|  0%| F|  |TAMS 0x000000008b700000, 0x000000008b700000| Untracked 
| 184|0x000000008b800000, 0x000000008b800000, 0x000000008b900000|  0%| F|  |TAMS 0x000000008b800000, 0x000000008b800000| Untracked 
| 185|0x000000008b900000, 0x000000008b900000, 0x000000008ba00000|  0%| F|  |TAMS 0x000000008b900000, 0x000000008b900000| Untracked 
| 186|0x000000008ba00000, 0x000000008ba00000, 0x000000008bb00000|  0%| F|  |TAMS 0x000000008ba00000, 0x000000008ba00000| Untracked 
| 187|0x000000008bb00000, 0x000000008bb00000, 0x000000008bc00000|  0%| F|  |TAMS 0x000000008bb00000, 0x000000008bb00000| Untracked 
| 188|0x000000008bc00000, 0x000000008bc00000, 0x000000008bd00000|  0%| F|  |TAMS 0x000000008bc00000, 0x000000008bc00000| Untracked 
| 189|0x000000008bd00000, 0x000000008bd00000, 0x000000008be00000|  0%| F|  |TAMS 0x000000008bd00000, 0x000000008bd00000| Untracked 
| 190|0x000000008be00000, 0x000000008be00000, 0x000000008bf00000|  0%| F|  |TAMS 0x000000008be00000, 0x000000008be00000| Untracked 
| 191|0x000000008bf00000, 0x000000008bf00000, 0x000000008c000000|  0%| F|  |TAMS 0x000000008bf00000, 0x000000008bf00000| Untracked 
| 192|0x000000008c000000, 0x000000008c000000, 0x000000008c100000|  0%| F|  |TAMS 0x000000008c000000, 0x000000008c000000| Untracked 
| 193|0x000000008c100000, 0x000000008c100000, 0x000000008c200000|  0%| F|  |TAMS 0x000000008c100000, 0x000000008c100000| Untracked 
| 194|0x000000008c200000, 0x000000008c200000, 0x000000008c300000|  0%| F|  |TAMS 0x000000008c200000, 0x000000008c200000| Untracked 
| 195|0x000000008c300000, 0x000000008c300000, 0x000000008c400000|  0%| F|  |TAMS 0x000000008c300000, 0x000000008c300000| Untracked 
| 196|0x000000008c400000, 0x000000008c400000, 0x000000008c500000|  0%| F|  |TAMS 0x000000008c400000, 0x000000008c400000| Untracked 
| 197|0x000000008c500000, 0x000000008c500000, 0x000000008c600000|  0%| F|  |TAMS 0x000000008c500000, 0x000000008c500000| Untracked 
| 198|0x000000008c600000, 0x000000008c6fde78, 0x000000008c700000| 99%| E|  |TAMS 0x000000008c600000, 0x000000008c600000| Complete 
| 199|0x000000008c700000, 0x000000008c800000, 0x000000008c800000|100%| E|CS|TAMS 0x000000008c700000, 0x000000008c700000| Complete 
| 200|0x000000008c800000, 0x000000008c900000, 0x000000008c900000|100%| E|CS|TAMS 0x000000008c800000, 0x000000008c800000| Complete 
| 201|0x000000008c900000, 0x000000008ca00000, 0x000000008ca00000|100%| E|CS|TAMS 0x000000008c900000, 0x000000008c900000| Complete 
| 202|0x000000008ca00000, 0x000000008cb00000, 0x000000008cb00000|100%| E|CS|TAMS 0x000000008ca00000, 0x000000008ca00000| Complete 
| 203|0x000000008cb00000, 0x000000008cc00000, 0x000000008cc00000|100%| E|CS|TAMS 0x000000008cb00000, 0x000000008cb00000| Complete 
| 204|0x000000008cc00000, 0x000000008cd00000, 0x000000008cd00000|100%| E|CS|TAMS 0x000000008cc00000, 0x000000008cc00000| Complete 
| 205|0x000000008cd00000, 0x000000008ce00000, 0x000000008ce00000|100%| E|CS|TAMS 0x000000008cd00000, 0x000000008cd00000| Complete 
| 206|0x000000008ce00000, 0x000000008cf00000, 0x000000008cf00000|100%| E|CS|TAMS 0x000000008ce00000, 0x000000008ce00000| Complete 
| 207|0x000000008cf00000, 0x000000008d000000, 0x000000008d000000|100%| E|CS|TAMS 0x000000008cf00000, 0x000000008cf00000| Complete 
| 208|0x000000008d000000, 0x000000008d100000, 0x000000008d100000|100%| E|CS|TAMS 0x000000008d000000, 0x000000008d000000| Complete 
| 209|0x000000008d100000, 0x000000008d200000, 0x000000008d200000|100%| E|CS|TAMS 0x000000008d100000, 0x000000008d100000| Complete 
| 210|0x000000008d200000, 0x000000008d300000, 0x000000008d300000|100%| E|CS|TAMS 0x000000008d200000, 0x000000008d200000| Complete 
| 211|0x000000008d300000, 0x000000008d400000, 0x000000008d400000|100%| E|CS|TAMS 0x000000008d300000, 0x000000008d300000| Complete 
| 212|0x000000008d400000, 0x000000008d500000, 0x000000008d500000|100%| E|CS|TAMS 0x000000008d400000, 0x000000008d400000| Complete 
| 213|0x000000008d500000, 0x000000008d600000, 0x000000008d600000|100%| E|CS|TAMS 0x000000008d500000, 0x000000008d500000| Complete 
| 214|0x000000008d600000, 0x000000008d700000, 0x000000008d700000|100%| E|CS|TAMS 0x000000008d600000, 0x000000008d600000| Complete 
| 215|0x000000008d700000, 0x000000008d800000, 0x000000008d800000|100%| E|CS|TAMS 0x000000008d700000, 0x000000008d700000| Complete 
| 216|0x000000008d800000, 0x000000008d900000, 0x000000008d900000|100%| E|CS|TAMS 0x000000008d800000, 0x000000008d800000| Complete 
| 217|0x000000008d900000, 0x000000008da00000, 0x000000008da00000|100%| E|CS|TAMS 0x000000008d900000, 0x000000008d900000| Complete 
| 218|0x000000008da00000, 0x000000008db00000, 0x000000008db00000|100%| E|CS|TAMS 0x000000008da00000, 0x000000008da00000| Complete 
| 219|0x000000008db00000, 0x000000008dc00000, 0x000000008dc00000|100%| E|  |TAMS 0x000000008db00000, 0x000000008db00000| Complete 
| 220|0x000000008dc00000, 0x000000008dd00000, 0x000000008dd00000|100%| E|CS|TAMS 0x000000008dc00000, 0x000000008dc00000| Complete 
| 221|0x000000008dd00000, 0x000000008de00000, 0x000000008de00000|100%| E|CS|TAMS 0x000000008dd00000, 0x000000008dd00000| Complete 
| 222|0x000000008de00000, 0x000000008df00000, 0x000000008df00000|100%| E|CS|TAMS 0x000000008de00000, 0x000000008de00000| Complete 
| 223|0x000000008df00000, 0x000000008e000000, 0x000000008e000000|100%| E|CS|TAMS 0x000000008df00000, 0x000000008df00000| Complete 
| 224|0x000000008e000000, 0x000000008e100000, 0x000000008e100000|100%| E|CS|TAMS 0x000000008e000000, 0x000000008e000000| Complete 
| 225|0x000000008e100000, 0x000000008e200000, 0x000000008e200000|100%| E|CS|TAMS 0x000000008e100000, 0x000000008e100000| Complete 
| 226|0x000000008e200000, 0x000000008e300000, 0x000000008e300000|100%| E|CS|TAMS 0x000000008e200000, 0x000000008e200000| Complete 
| 227|0x000000008e300000, 0x000000008e400000, 0x000000008e400000|100%| E|CS|TAMS 0x000000008e300000, 0x000000008e300000| Complete 
| 228|0x000000008e400000, 0x000000008e500000, 0x000000008e500000|100%| E|CS|TAMS 0x000000008e400000, 0x000000008e400000| Complete 
| 229|0x000000008e500000, 0x000000008e600000, 0x000000008e600000|100%| E|CS|TAMS 0x000000008e500000, 0x000000008e500000| Complete 
| 230|0x000000008e600000, 0x000000008e700000, 0x000000008e700000|100%| E|CS|TAMS 0x000000008e600000, 0x000000008e600000| Complete 
| 231|0x000000008e700000, 0x000000008e800000, 0x000000008e800000|100%| E|CS|TAMS 0x000000008e700000, 0x000000008e700000| Complete 
| 232|0x000000008e800000, 0x000000008e900000, 0x000000008e900000|100%| E|CS|TAMS 0x000000008e800000, 0x000000008e800000| Complete 
| 233|0x000000008e900000, 0x000000008ea00000, 0x000000008ea00000|100%| E|CS|TAMS 0x000000008e900000, 0x000000008e900000| Complete 

Card table byte_map: [0x00000164f9c90000,0x00000164fa090000] _byte_map_base: 0x00000164f9890000

Marking Bits (Prev, Next): (CMBitMap*) 0x00000164e64ca678, (CMBitMap*) 0x00000164e64ca6b0
 Prev Bits: [0x00000164fa490000, 0x00000164fc490000)
 Next Bits: [0x00000164fc490000, 0x00000164fe490000)

Polling page: 0x00000164e4cb0000

Metaspace:

Usage:
  Non-class:    154.57 MB capacity,   151.82 MB ( 98%) used,     2.30 MB (  1%) free+waste,   461.13 KB ( <1%) overhead. 
      Class:     22.90 MB capacity,    21.37 MB ( 93%) used,     1.33 MB (  6%) free+waste,   209.88 KB ( <1%) overhead. 
       Both:    177.47 MB capacity,   173.19 MB ( 98%) used,     3.63 MB (  2%) free+waste,   671.00 KB ( <1%) overhead. 

Virtual space:
  Non-class space:      166.00 MB reserved,     166.00 MB (100%) committed 
      Class space:        1.00 GB reserved,      27.63 MB (  3%) committed 
             Both:        1.16 GB reserved,     193.63 MB ( 16%) committed 

Chunk freelists:
   Non-Class:  11.43 MB
       Class:  4.66 MB
        Both:  16.09 MB

MaxMetaspaceSize: 17179869184.00 GB
CompressedClassSpaceSize: 1.00 GB

CodeHeap 'non-profiled nmethods': size=120000Kb used=19456Kb max_used=19456Kb free=100543Kb
 bounds [0x00000164f18f0000, 0x00000164f2c00000, 0x00000164f8e20000]
CodeHeap 'profiled nmethods': size=120000Kb used=42955Kb max_used=42955Kb free=77044Kb
 bounds [0x00000164ea3c0000, 0x00000164ece30000, 0x00000164f18f0000]
CodeHeap 'non-nmethods': size=5760Kb used=2367Kb max_used=2448Kb free=3392Kb
 bounds [0x00000164e9e20000, 0x00000164ea0a0000, 0x00000164ea3c0000]
 total_blobs=20986 nmethods=20010 adapters=884
 compilation: enabled
              stopped_count=0, restarted_count=0
 full_count=0

Compilation events (20 events):
Event: 10239.067 Thread 0x00000164fef8e000 25033       3       org.gradle.api.internal.artifacts.repositories.DefaultMavenArtifactRepository::getUrl (8 bytes)
Event: 10239.068 Thread 0x00000164fef8e000 nmethod 25033 0x00000164ea8a1290 code [0x00000164ea8a1460, 0x00000164ea8a1708]
Event: 10239.068 Thread 0x00000164fef8e000 25034       1       org.gradle.api.internal.artifacts.ivyservice.ivyresolve.UserResolverChain::getComponentResolver (5 bytes)
Event: 10239.068 Thread 0x00000164fef8e000 nmethod 25034 0x00000164f1aa1e10 code [0x00000164f1aa1fc0, 0x00000164f1aa2078]
Event: 10239.119 Thread 0x00000164fef8e000 25038   !   3       java.util.concurrent.ConcurrentHashMap::fullAddCount (462 bytes)
Event: 10239.121 Thread 0x00000164fef8e000 nmethod 25038 0x00000164ec7f8a90 code [0x00000164ec7f8d60, 0x00000164ec7fa418]
Event: 10239.121 Thread 0x000001648b396800 25031       4       java.net.URI$Parser::at (23 bytes)
Event: 10239.123 Thread 0x000001648b396800 nmethod 25031 0x00000164f2bef610 code [0x00000164f2bef7c0, 0x00000164f2bef8f8]
Event: 10239.123 Thread 0x000001648b396800 25036       4       org.gradle.internal.component.external.model.DefaultModuleComponentSelector::equals (102 bytes)
Event: 10239.135 Thread 0x000001648b396800 nmethod 25036 0x00000164f2befa90 code [0x00000164f2befca0, 0x00000164f2bf0518]
Event: 10239.135 Thread 0x000001648b396800 25037       4       org.gradle.internal.component.external.model.ConfigurationBoundExternalDependencyMetadata::selectConfigurations (48 bytes)
Event: 10239.140 Thread 0x000001648b396800 nmethod 25037 0x00000164f2bf0c10 code [0x00000164f2bf0de0, 0x00000164f2bf1088]
Event: 10239.140 Thread 0x000001648b396800 25035       4       org.gradle.internal.component.external.model.maven.DefaultMavenModuleResolveMetadata::<init> (79 bytes)
Event: 10239.149 Thread 0x000001648b396800 nmethod 25035 0x00000164f2bf1390 code [0x00000164f2bf1560, 0x00000164f2bf20d8]
Event: 10239.149 Thread 0x000001648b396800 25023   !   4       org.codehaus.groovy.reflection.ClassInfo::getMetaClass (33 bytes)
Event: 10239.162 Thread 0x000001648b396800 nmethod 25023 0x00000164f2bf2390 code [0x00000164f2bf25e0, 0x00000164f2bf2fa0]
Event: 10239.162 Thread 0x000001648b396800 25039       4       org.gradle.cache.internal.DefaultCacheFactory$ReferenceTrackingCache::getBaseDir (13 bytes)
Event: 10239.162 Thread 0x000001648b396800 nmethod 25039 0x00000164f2bf3690 code [0x00000164f2bf3820, 0x00000164f2bf38d8]
Event: 10239.162 Thread 0x000001648b396800 25040       4       com.google.common.base.Equivalence$Equals::doEquivalent (6 bytes)
Event: 10239.163 Thread 0x000001648b396800 nmethod 25040 0x00000164f2bf3a10 code [0x00000164f2bf3ba0, 0x00000164f2bf3c38]

GC Heap History (20 events):
Event: 9722.212 GC heap before
{Heap before GC invocations=261 (full 0):
 garbage-first heap   total 239616K, used 140607K [0x0000000080000000, 0x0000000100000000)
  region size 1024K, 11 young (11264K), 1 survivors (1024K)
 Metaspace       used 176124K, capacity 179950K, committed 198272K, reserved 1218560K
  class space    used 21719K, capacity 23171K, committed 28288K, reserved 1048576K
}
Event: 9722.245 GC heap after
{Heap after GC invocations=262 (full 0):
 garbage-first heap   total 239616K, used 127664K [0x0000000080000000, 0x0000000100000000)
  region size 1024K, 2 young (2048K), 2 survivors (2048K)
 Metaspace       used 176124K, capacity 179950K, committed 198272K, reserved 1218560K
  class space    used 21719K, capacity 23171K, committed 28288K, reserved 1048576K
}
Event: 9722.413 GC heap before
{Heap before GC invocations=262 (full 0):
 garbage-first heap   total 239616K, used 136880K [0x0000000080000000, 0x0000000100000000)
  region size 1024K, 11 young (11264K), 2 survivors (2048K)
 Metaspace       used 176150K, capacity 179958K, committed 198272K, reserved 1218560K
  class space    used 21719K, capacity 23172K, committed 28288K, reserved 1048576K
}
Event: 9722.452 GC heap after
{Heap after GC invocations=263 (full 0):
 garbage-first heap   total 239616K, used 127947K [0x0000000080000000, 0x0000000100000000)
  region size 1024K, 1 young (1024K), 1 survivors (1024K)
 Metaspace       used 176150K, capacity 179958K, committed 198272K, reserved 1218560K
  class space    used 21719K, capacity 23172K, committed 28288K, reserved 1048576K
}
Event: 9723.269 GC heap before
{Heap before GC invocations=263 (full 0):
 garbage-first heap   total 239616K, used 173003K [0x0000000080000000, 0x0000000100000000)
  region size 1024K, 45 young (46080K), 1 survivors (1024K)
 Metaspace       used 176654K, capacity 180795K, committed 198272K, reserved 1218560K
  class space    used 21803K, capacity 23325K, committed 28288K, reserved 1048576K
}
Event: 9723.274 GC heap after
{Heap after GC invocations=264 (full 0):
 garbage-first heap   total 239616K, used 130895K [0x0000000080000000, 0x0000000100000000)
  region size 1024K, 4 young (4096K), 4 survivors (4096K)
 Metaspace       used 176654K, capacity 180795K, committed 198272K, reserved 1218560K
  class space    used 21803K, capacity 23325K, committed 28288K, reserved 1048576K
}
Event: 9865.973 GC heap before
{Heap before GC invocations=265 (full 0):
 garbage-first heap   total 239616K, used 181071K [0x0000000080000000, 0x0000000100000000)
  region size 1024K, 54 young (55296K), 4 survivors (4096K)
 Metaspace       used 176965K, capacity 181124K, committed 198272K, reserved 1218560K
  class space    used 21838K, capacity 23373K, committed 28288K, reserved 1048576K
}
Event: 9866.175 GC heap after
{Heap after GC invocations=266 (full 0):
 garbage-first heap   total 239616K, used 132713K [0x0000000080000000, 0x0000000100000000)
  region size 1024K, 5 young (5120K), 5 survivors (5120K)
 Metaspace       used 176965K, capacity 181124K, committed 198272K, reserved 1218560K
  class space    used 21838K, capacity 23373K, committed 28288K, reserved 1048576K
}
Event: 9866.284 GC heap before
{Heap before GC invocations=266 (full 0):
 garbage-first heap   total 239616K, used 138857K [0x0000000080000000, 0x0000000100000000)
  region size 1024K, 11 young (11264K), 5 survivors (5120K)
 Metaspace       used 177014K, capacity 181166K, committed 198272K, reserved 1218560K
  class space    used 21847K, capacity 23384K, committed 28288K, reserved 1048576K
}
Event: 9866.452 GC heap after
{Heap after GC invocations=267 (full 0):
 garbage-first heap   total 239616K, used 131859K [0x0000000080000000, 0x0000000100000000)
  region size 1024K, 2 young (2048K), 2 survivors (2048K)
 Metaspace       used 177014K, capacity 181166K, committed 198272K, reserved 1218560K
  class space    used 21847K, capacity 23384K, committed 28288K, reserved 1048576K
}
Event: 9866.525 GC heap before
{Heap before GC invocations=267 (full 0):
 garbage-first heap   total 239616K, used 141075K [0x0000000080000000, 0x0000000100000000)
  region size 1024K, 11 young (11264K), 2 survivors (2048K)
 Metaspace       used 177015K, capacity 181166K, committed 198272K, reserved 1218560K
  class space    used 21847K, capacity 23384K, committed 28288K, reserved 1048576K
}
Event: 9866.537 GC heap after
{Heap after GC invocations=268 (full 0):
 garbage-first heap   total 239616K, used 132181K [0x0000000080000000, 0x0000000100000000)
  region size 1024K, 1 young (1024K), 1 survivors (1024K)
 Metaspace       used 177015K, capacity 181166K, committed 198272K, reserved 1218560K
  class space    used 21847K, capacity 23384K, committed 28288K, reserved 1048576K
}
Event: 9869.429 GC heap before
{Heap before GC invocations=268 (full 0):
 garbage-first heap   total 239616K, used 183381K [0x0000000080000000, 0x0000000100000000)
  region size 1024K, 52 young (53248K), 1 survivors (1024K)
 Metaspace       used 177100K, capacity 181386K, committed 198272K, reserved 1218560K
  class space    used 21850K, capacity 23389K, committed 28288K, reserved 1048576K
}
Event: 9869.439 GC heap after
{Heap after GC invocations=269 (full 0):
 garbage-first heap   total 239616K, used 136538K [0x0000000080000000, 0x0000000100000000)
  region size 1024K, 5 young (5120K), 5 survivors (5120K)
 Metaspace       used 177100K, capacity 181386K, committed 198272K, reserved 1218560K
  class space    used 21850K, capacity 23389K, committed 28288K, reserved 1048576K
}
Event: 9869.773 GC heap before
{Heap before GC invocations=270 (full 0):
 garbage-first heap   total 239616K, used 187738K [0x0000000080000000, 0x0000000100000000)
  region size 1024K, 56 young (57344K), 5 survivors (5120K)
 Metaspace       used 177069K, capacity 181312K, committed 198272K, reserved 1218560K
  class space    used 21833K, capacity 23346K, committed 28288K, reserved 1048576K
}
Event: 9869.849 GC heap after
{Heap after GC invocations=271 (full 0):
 garbage-first heap   total 239616K, used 139496K [0x0000000080000000, 0x0000000100000000)
  region size 1024K, 4 young (4096K), 4 survivors (4096K)
 Metaspace       used 177069K, capacity 181312K, committed 198272K, reserved 1218560K
  class space    used 21833K, capacity 23346K, committed 28288K, reserved 1048576K
}
Event: 9869.899 GC heap before
{Heap before GC invocations=271 (full 0):
 garbage-first heap   total 239616K, used 145640K [0x0000000080000000, 0x0000000100000000)
  region size 1024K, 11 young (11264K), 4 survivors (4096K)
 Metaspace       used 177071K, capacity 181312K, committed 198272K, reserved 1218560K
  class space    used 21834K, capacity 23346K, committed 28288K, reserved 1048576K
}
Event: 9869.915 GC heap after
{Heap after GC invocations=272 (full 0):
 garbage-first heap   total 239616K, used 129847K [0x0000000080000000, 0x0000000100000000)
  region size 1024K, 1 young (1024K), 1 survivors (1024K)
 Metaspace       used 177071K, capacity 181312K, committed 198272K, reserved 1218560K
  class space    used 21834K, capacity 23346K, committed 28288K, reserved 1048576K
}
Event: 10239.072 GC heap before
{Heap before GC invocations=272 (full 0):
 garbage-first heap   total 239616K, used 185143K [0x0000000080000000, 0x0000000100000000)
  region size 1024K, 56 young (57344K), 1 survivors (1024K)
 Metaspace       used 177185K, capacity 181453K, committed 198272K, reserved 1218560K
  class space    used 21845K, capacity 23362K, committed 28288K, reserved 1048576K
}
Event: 10239.080 GC heap after
{Heap after GC invocations=273 (full 0):
 garbage-first heap   total 239616K, used 131618K [0x0000000080000000, 0x0000000100000000)
  region size 1024K, 3 young (3072K), 3 survivors (3072K)
 Metaspace       used 177185K, capacity 181453K, committed 198272K, reserved 1218560K
  class space    used 21845K, capacity 23362K, committed 28288K, reserved 1048576K
}

Deoptimization events (20 events):
Event: 9866.490 Thread 0x000001648abc7000 DEOPT PACKING pc=0x00000164eb6ef3ef sp=0x00000060d33f95a0
Event: 9866.490 Thread 0x000001648abc7000 DEOPT UNPACKING pc=0x00000164e9e48ade sp=0x00000060d33f89f0 mode 0
Event: 9866.695 Thread 0x000001648b37e800 Uncommon trap: trap_request=0xffffff4d fr.pc=0x00000164f2099780 relative=0x00000000000005e0
Event: 9866.695 Thread 0x000001648b37e800 Uncommon trap: reason=unstable_if action=reinterpret pc=0x00000164f2099780 method=java.util.concurrent.locks.AbstractQueuedSynchronizer.acquire(I)V @ 20 c2
Event: 9866.696 Thread 0x000001648b37e800 DEOPT PACKING pc=0x00000164f2099780 sp=0x00000060dd2ff440
Event: 9866.696 Thread 0x000001648b37e800 DEOPT UNPACKING pc=0x00000164e9e2822f sp=0x00000060dd2ff440 mode 2
Event: 9869.889 Thread 0x0000016485bbc000 DEOPT PACKING pc=0x00000164f29b35ec sp=0x00000060d59fc5c0
Event: 9869.889 Thread 0x0000016485bbc000 DEOPT UNPACKING pc=0x00000164e9e48ade sp=0x00000060d59fb908 mode 0
Event: 9869.954 Thread 0x0000016485bba800 Uncommon trap: trap_request=0xffffff4d fr.pc=0x00000164f27adc94 relative=0x0000000000001534
Event: 9869.954 Thread 0x0000016485bba800 Uncommon trap: reason=unstable_if action=reinterpret pc=0x00000164f27adc94 method=java.util.concurrent.ConcurrentHashMap.putVal(Ljava/lang/Object;Ljava/lang/Object;Z)Ljava/lang/Object; @ 197 c2
Event: 9869.954 Thread 0x0000016485bba800 DEOPT PACKING pc=0x00000164f27adc94 sp=0x00000060d56fedc0
Event: 9869.954 Thread 0x0000016485bba800 DEOPT UNPACKING pc=0x00000164e9e2822f sp=0x00000060d56fed50 mode 2
Event: 9869.994 Thread 0x0000016485bb9800 Uncommon trap: trap_request=0xffffff4d fr.pc=0x00000164f26a33f8 relative=0x0000000000000698
Event: 9869.994 Thread 0x0000016485bb9800 Uncommon trap: reason=unstable_if action=reinterpret pc=0x00000164f26a33f8 method=java.util.concurrent.ConcurrentLinkedQueue.offer(Ljava/lang/Object;)Z @ 77 c2
Event: 9869.994 Thread 0x0000016485bb9800 DEOPT PACKING pc=0x00000164f26a33f8 sp=0x00000060d55fdef0
Event: 9869.994 Thread 0x0000016485bb9800 DEOPT UNPACKING pc=0x00000164e9e2822f sp=0x00000060d55fde08 mode 2
Event: 10239.010 Thread 0x000001648b379000 DEOPT PACKING pc=0x00000164ea8dc183 sp=0x00000060d33f8f40
Event: 10239.010 Thread 0x000001648b379000 DEOPT UNPACKING pc=0x00000164e9e48ade sp=0x00000060d33f83d0 mode 0
Event: 10239.058 Thread 0x000001648b379000 DEOPT PACKING pc=0x00000164eaa30be9 sp=0x00000060d33fc0c0
Event: 10239.058 Thread 0x000001648b379000 DEOPT UNPACKING pc=0x00000164e9e48ade sp=0x00000060d33fb5b8 mode 0

Classes redefined (0 events):
No events

Internal exceptions (20 events):
Event: 9866.209 Thread 0x000001648abce800 Exception <a 'sun/nio/fs/WindowsException'{0x000000008e87f320}> (0x000000008e87f320) thrown at [./src/hotspot/share/prims/jni.cpp, line 615]
Event: 9866.210 Thread 0x000001648abce800 Exception <a 'sun/nio/fs/WindowsException'{0x000000008e87f510}> (0x000000008e87f510) thrown at [./src/hotspot/share/prims/jni.cpp, line 615]
Event: 9866.214 Thread 0x000001648abc7000 Exception <a 'java/lang/ClassNotFoundException'{0x000000008e8ec730}: sync_studio_tooling515_avjrvn286wqu5lob7xhtra9lvBeanInfo> (0x000000008e8ec730) thrown at [./src/hotspot/share/classfile/systemDictionary.cpp, line 231]
Event: 9866.214 Thread 0x000001648abc7000 Exception <a 'java/lang/ClassNotFoundException'{0x000000008e8f7110}: sync_studio_tooling515_avjrvn286wqu5lob7xhtra9lvCustomizer> (0x000000008e8f7110) thrown at [./src/hotspot/share/classfile/systemDictionary.cpp, line 231]
Event: 9866.231 Thread 0x000001648abcf000 Exception <a 'sun/nio/fs/WindowsException'{0x000000008e7c8838}> (0x000000008e7c8838) thrown at [./src/hotspot/share/prims/jni.cpp, line 615]
Event: 9866.232 Thread 0x000001648abcf000 Exception <a 'sun/nio/fs/WindowsException'{0x000000008e7c8a18}> (0x000000008e7c8a18) thrown at [./src/hotspot/share/prims/jni.cpp, line 615]
Event: 9866.235 Thread 0x000001648abc7000 Exception <a 'java/lang/ClassNotFoundException'{0x000000008e62c590}: sync_studio_tooling515_avjrvn286wqu5lob7xhtra9lvBeanInfo> (0x000000008e62c590) thrown at [./src/hotspot/share/classfile/systemDictionary.cpp, line 231]
Event: 9866.235 Thread 0x000001648abc7000 Exception <a 'java/lang/ClassNotFoundException'{0x000000008e636fb8}: sync_studio_tooling515_avjrvn286wqu5lob7xhtra9lvCustomizer> (0x000000008e636fb8) thrown at [./src/hotspot/share/classfile/systemDictionary.cpp, line 231]
Event: 9866.687 Thread 0x000001648abc7000 Exception <a 'sun/nio/fs/WindowsException'{0x000000008d25a7d8}> (0x000000008d25a7d8) thrown at [./src/hotspot/share/prims/jni.cpp, line 615]
Event: 9869.573 Thread 0x000001648abc7000 Exception <a 'sun/nio/fs/WindowsException'{0x000000008d85e7a0}> (0x000000008d85e7a0) thrown at [./src/hotspot/share/prims/jni.cpp, line 615]
Event: 9869.764 Thread 0x000001648abc7000 Exception <a 'java/lang/reflect/InvocationTargetException'{0x000000008bad8d20}> (0x000000008bad8d20) thrown at [./src/hotspot/share/runtime/reflection.cpp, line 1247]
Event: 9870.092 Thread 0x000001648b37e000 Exception <a 'sun/nio/fs/WindowsException'{0x000000008bf16e68}> (0x000000008bf16e68) thrown at [./src/hotspot/share/prims/jni.cpp, line 615]
Event: 10238.990 Thread 0x000001648b383800 Exception <a 'sun/nio/fs/WindowsException'{0x000000008b667338}> (0x000000008b667338) thrown at [./src/hotspot/share/prims/jni.cpp, line 615]
Event: 10238.990 Thread 0x000001648b383800 Exception <a 'sun/nio/fs/WindowsException'{0x000000008b667520}> (0x000000008b667520) thrown at [./src/hotspot/share/prims/jni.cpp, line 615]
Event: 10239.010 Thread 0x000001648b379000 Exception <a 'java/lang/ClassNotFoundException'{0x000000008b6d99d8}: sync_studio_tooling423_5agrxnf5zfqpt860rokm4b01kBeanInfo> (0x000000008b6d99d8) thrown at [./src/hotspot/share/classfile/systemDictionary.cpp, line 231]
Event: 10239.010 Thread 0x000001648b379000 Exception <a 'java/lang/ClassNotFoundException'{0x000000008b6e3a98}: sync_studio_tooling423_5agrxnf5zfqpt860rokm4b01kCustomizer> (0x000000008b6e3a98) thrown at [./src/hotspot/share/classfile/systemDictionary.cpp, line 231]
Event: 10239.040 Thread 0x000001648b37f800 Exception <a 'sun/nio/fs/WindowsException'{0x000000008b5b00d0}> (0x000000008b5b00d0) thrown at [./src/hotspot/share/prims/jni.cpp, line 615]
Event: 10239.041 Thread 0x000001648b37f800 Exception <a 'sun/nio/fs/WindowsException'{0x000000008b5b02b0}> (0x000000008b5b02b0) thrown at [./src/hotspot/share/prims/jni.cpp, line 615]
Event: 10239.044 Thread 0x000001648b379000 Exception <a 'java/lang/ClassNotFoundException'{0x000000008b4120b0}: sync_studio_tooling423_5agrxnf5zfqpt860rokm4b01kBeanInfo> (0x000000008b4120b0) thrown at [./src/hotspot/share/classfile/systemDictionary.cpp, line 231]
Event: 10239.044 Thread 0x000001648b379000 Exception <a 'java/lang/ClassNotFoundException'{0x000000008b41c0f8}: sync_studio_tooling423_5agrxnf5zfqpt860rokm4b01kCustomizer> (0x000000008b41c0f8) thrown at [./src/hotspot/share/classfile/systemDictionary.cpp, line 231]

Events (20 events):
Event: 10239.154 Thread 0x000001648e5de800 Thread added: 0x000001648e5de800
Event: 10239.154 Thread 0x000001648e5df000 Thread added: 0x000001648e5df000
Event: 10239.154 Thread 0x000001648e5dd000 Thread added: 0x000001648e5dd000
Event: 10239.154 Thread 0x000001648e5db000 Thread added: 0x000001648e5db000
Event: 10239.155 Thread 0x000001648e5e2800 Thread added: 0x000001648e5e2800
Event: 10239.155 Thread 0x000001648e5e3800 Thread added: 0x000001648e5e3800
Event: 10239.155 Thread 0x000001648e5dd800 Thread added: 0x000001648e5dd800
Event: 10239.155 Thread 0x000001648e5e4000 Thread added: 0x000001648e5e4000
Event: 10239.155 Thread 0x000001648e5e0000 Thread added: 0x000001648e5e0000
Event: 10239.155 Thread 0x000001648e5e5000 Thread added: 0x000001648e5e5000
Event: 10239.156 Thread 0x000001648e5e5800 Thread added: 0x000001648e5e5800
Event: 10239.156 Thread 0x000001648e5e6800 Thread added: 0x000001648e5e6800
Event: 10239.156 Thread 0x000001648e5e1000 Thread added: 0x000001648e5e1000
Event: 10239.156 Thread 0x000001648e5e7800 Thread added: 0x000001648e5e7800
Event: 10239.156 Thread 0x000001648e5e1800 Thread added: 0x000001648e5e1800
Event: 10239.156 Thread 0x000001648e5e9000 Thread added: 0x000001648e5e9000
Event: 10239.157 Thread 0x000001648e5ea000 Thread added: 0x000001648e5ea000
Event: 10239.157 Thread 0x000001648e5e8000 Thread added: 0x000001648e5e8000
Event: 10239.176 Executing VM operation: CGC_Operation
Event: 10239.248 Executing VM operation: CGC_Operation done


Dynamic libraries:
0x00007ff7702b0000 - 0x00007ff7702ba000 	C:\Program Files\Android\Android Studio\jre\bin\java.exe
0x00007ffed4990000 - 0x00007ffed4b86000 	C:\Windows\SYSTEM32\ntdll.dll
0x00007ffed4790000 - 0x00007ffed484d000 	C:\Windows\System32\KERNEL32.DLL
0x00007ffed2380000 - 0x00007ffed2648000 	C:\Windows\System32\KERNELBASE.dll
0x00007ffed27f0000 - 0x00007ffed28f0000 	C:\Windows\System32\ucrtbase.dll
0x00007ffec70e0000 - 0x00007ffec70f9000 	C:\Program Files\Android\Android Studio\jre\bin\jli.dll
0x00007ffec7100000 - 0x00007ffec7117000 	C:\Program Files\Android\Android Studio\jre\bin\VCRUNTIME140.dll
0x00007ffed3cf0000 - 0x00007ffed3e90000 	C:\Windows\System32\USER32.dll
0x00007ffed2140000 - 0x00007ffed2162000 	C:\Windows\System32\win32u.dll
0x00007ffed2f40000 - 0x00007ffed2f6a000 	C:\Windows\System32\GDI32.dll
0x00007ffed28f0000 - 0x00007ffed29f9000 	C:\Windows\System32\gdi32full.dll
0x00007ffed2680000 - 0x00007ffed271d000 	C:\Windows\System32\msvcp_win.dll
0x00007ffeb9000000 - 0x00007ffeb929b000 	C:\Windows\WinSxS\amd64_microsoft.windows.common-controls_6595b64144ccf1df_6.0.19041.488_none_ca04af081b815d21\COMCTL32.dll
0x00007ffed3e90000 - 0x00007ffed3f2e000 	C:\Windows\System32\msvcrt.dll
0x00007ffed2c40000 - 0x00007ffed2c70000 	C:\Windows\System32\IMM32.DLL
0x00007ffec7040000 - 0x00007ffec70dd000 	C:\Program Files\Android\Android Studio\jre\bin\msvcp140.dll
0x00007ffe81150000 - 0x00007ffe81c0c000 	C:\Program Files\Android\Android Studio\jre\bin\server\jvm.dll
0x00007ffed2cd0000 - 0x00007ffed2d7a000 	C:\Windows\System32\ADVAPI32.dll
0x00007ffed4850000 - 0x00007ffed48eb000 	C:\Windows\System32\sechost.dll
0x00007ffed2b10000 - 0x00007ffed2c34000 	C:\Windows\System32\RPCRT4.dll
0x00007ffed4760000 - 0x00007ffed4768000 	C:\Windows\System32\PSAPI.DLL
0x00007ffecb770000 - 0x00007ffecb77a000 	C:\Windows\SYSTEM32\VERSION.dll
0x00007ffeae540000 - 0x00007ffeae549000 	C:\Windows\SYSTEM32\WSOCK32.dll
0x00007ffec3290000 - 0x00007ffec32b7000 	C:\Windows\SYSTEM32\WINMM.dll
0x00007ffed3760000 - 0x00007ffed37cb000 	C:\Windows\System32\WS2_32.dll
0x00007ffed0a10000 - 0x00007ffed0a22000 	C:\Windows\SYSTEM32\kernel.appcore.dll
0x00007ffecc160000 - 0x00007ffecc171000 	C:\Program Files\Android\Android Studio\jre\bin\verify.dll
0x00007ffecff30000 - 0x00007ffed0114000 	C:\Windows\SYSTEM32\DBGHELP.DLL
0x00007ffecd630000 - 0x00007ffecd65c000 	C:\Windows\SYSTEM32\dbgcore.DLL
0x00007ffed2770000 - 0x00007ffed27ef000 	C:\Windows\System32\bcryptPrimitives.dll
0x00007ffecc130000 - 0x00007ffecc159000 	C:\Program Files\Android\Android Studio\jre\bin\java.dll
0x00007ffecc120000 - 0x00007ffecc12b000 	C:\Program Files\Android\Android Studio\jre\bin\jimage.dll
0x00007ffec7bb0000 - 0x00007ffec7bc8000 	C:\Program Files\Android\Android Studio\jre\bin\zip.dll
0x00007ffed3f90000 - 0x00007ffed46d0000 	C:\Windows\System32\SHELL32.dll
0x00007ffed0120000 - 0x00007ffed08b4000 	C:\Windows\SYSTEM32\windows.storage.dll
0x00007ffed3990000 - 0x00007ffed3ce5000 	C:\Windows\System32\combase.dll
0x00007ffed1a80000 - 0x00007ffed1aac000 	C:\Windows\SYSTEM32\Wldp.dll
0x00007ffed2a60000 - 0x00007ffed2b0e000 	C:\Windows\System32\SHCORE.dll
0x00007ffed48f0000 - 0x00007ffed4945000 	C:\Windows\System32\shlwapi.dll
0x00007ffed2010000 - 0x00007ffed2036000 	C:\Windows\SYSTEM32\profapi.dll
0x00007ffebeb10000 - 0x00007ffebeb2a000 	C:\Program Files\Android\Android Studio\jre\bin\net.dll
0x00007ffec60d0000 - 0x00007ffec61d0000 	C:\Windows\SYSTEM32\WINHTTP.dll
0x00007ffed1800000 - 0x00007ffed186a000 	C:\Windows\system32\mswsock.dll
0x00007ffebeaf0000 - 0x00007ffebeb04000 	C:\Program Files\Android\Android Studio\jre\bin\nio.dll
0x00007ffeb74d0000 - 0x00007ffeb74f7000 	C:\Users\knima\.gradle\native\fdc75f09e3144964f2cf3f50f0aa648679c211496f362492102eb8c894070792\windows-amd64\native-platform.dll
0x00007ffe8f160000 - 0x00007ffe8f2f6000 	C:\Users\knima\.gradle\native\12488b8bf47d2d4c9fbf2f6322a914ad602e24e48041cd04a747c6da556b65c4\windows-amd64\native-platform-file-events.dll
0x00007ffecc110000 - 0x00007ffecc11a000 	C:\Program Files\Android\Android Studio\jre\bin\management.dll
0x00007ffebde20000 - 0x00007ffebde2c000 	C:\Program Files\Android\Android Studio\jre\bin\management_ext.dll
0x00007ffed19d0000 - 0x00007ffed19e8000 	C:\Windows\SYSTEM32\CRYPTSP.dll
0x00007ffed1190000 - 0x00007ffed11c4000 	C:\Windows\system32\rsaenh.dll
0x00007ffed2650000 - 0x00007ffed2677000 	C:\Windows\System32\bcrypt.dll
0x00007ffed1fd0000 - 0x00007ffed1ffe000 	C:\Windows\SYSTEM32\USERENV.dll
0x00007ffed19f0000 - 0x00007ffed19fc000 	C:\Windows\SYSTEM32\CRYPTBASE.dll
0x00007ffed14f0000 - 0x00007ffed152b000 	C:\Windows\SYSTEM32\IPHLPAPI.DLL
0x00007ffed3850000 - 0x00007ffed3859000 	C:\Windows\System32\NSI.dll
0x00007ffec9970000 - 0x00007ffec9987000 	C:\Windows\SYSTEM32\dhcpcsvc6.DLL
0x00007ffec9920000 - 0x00007ffec993d000 	C:\Windows\SYSTEM32\dhcpcsvc.DLL
0x00007ffed1530000 - 0x00007ffed15fb000 	C:\Windows\SYSTEM32\DNSAPI.dll
0x00007ffec9f50000 - 0x00007ffec9f5b000 	C:\Windows\SYSTEM32\WINNSI.DLL
0x00007ffeb04f0000 - 0x00007ffeb0517000 	C:\Program Files\Android\Android Studio\jre\bin\sunec.dll
0x00007ffec5fd0000 - 0x00007ffec5fda000 	C:\Windows\System32\rasadhlp.dll
0x00007ffec5b80000 - 0x00007ffec5bff000 	C:\Windows\System32\fwpuclnt.dll

dbghelp: loaded successfully - version: 4.0.5 - missing functions: none
symbol engine: initialized successfully - sym options: 0x614 - pdb path: .;C:\Program Files\Android\Android Studio\jre\bin;C:\Windows\SYSTEM32;C:\Windows\WinSxS\amd64_microsoft.windows.common-controls_6595b64144ccf1df_6.0.19041.488_none_ca04af081b815d21;C:\Program Files\Android\Android Studio\jre\bin\server;C:\Users\knima\.gradle\native\fdc75f09e3144964f2cf3f50f0aa648679c211496f362492102eb8c894070792\windows-amd64;C:\Users\knima\.gradle\native\12488b8bf47d2d4c9fbf2f6322a914ad602e24e48041cd04a747c6da556b65c4\windows-amd64

VM Arguments:
jvm_args: --add-opens=java.base/java.util=ALL-UNNAMED --add-opens=java.base/java.lang=ALL-UNNAMED --add-opens=java.base/java.lang.invoke=ALL-UNNAMED --add-opens=java.prefs/java.util.prefs=ALL-UNNAMED -Xmx2048m -Dfile.encoding=UTF-8 -Duser.country=IN -Duser.language=en -Duser.variant 
java_command: org.gradle.launcher.daemon.bootstrap.GradleDaemon 6.7.1
java_class_path (initial): C:\Users\knima\.gradle\wrapper\dists\gradle-6.7.1-bin\bwlcbys1h7rz3272sye1xwiv6\gradle-6.7.1\lib\gradle-launcher-6.7.1.jar
Launcher Type: SUN_STANDARD

[Global flags]
     intx CICompilerCount                          = 4                                         {product} {ergonomic}
     uint ConcGCThreads                            = 2                                         {product} {ergonomic}
     uint G1ConcRefinementThreads                  = 8                                         {product} {ergonomic}
   size_t G1HeapRegionSize                         = 1048576                                   {product} {ergonomic}
    uintx GCDrainStackTargetSize                   = 64                                        {product} {ergonomic}
   size_t InitialHeapSize                          = 132120576                                 {product} {ergonomic}
   size_t MarkStackSize                            = 4194304                                   {product} {ergonomic}
   size_t MaxHeapSize                              = 2147483648                                {product} {command line}
   size_t MaxNewSize                               = 1287651328                                {product} {ergonomic}
   size_t MinHeapDeltaBytes                        = 1048576                                   {product} {ergonomic}
    uintx NonNMethodCodeHeapSize                   = 5836300                                {pd product} {ergonomic}
    uintx NonProfiledCodeHeapSize                  = 122910970                              {pd product} {ergonomic}
    uintx ProfiledCodeHeapSize                     = 122910970                              {pd product} {ergonomic}
    uintx ReservedCodeCacheSize                    = 251658240                              {pd product} {ergonomic}
     bool SegmentedCodeCache                       = true                                      {product} {ergonomic}
     bool UseCompressedClassPointers               = true                                 {lp64_product} {ergonomic}
     bool UseCompressedOops                        = true                                 {lp64_product} {ergonomic}
     bool UseG1GC                                  = true                                      {product} {ergonomic}
     bool UseLargePagesIndividualAllocation        = false                                  {pd product} {ergonomic}

Logging:
Log output configuration:
 #0: stdout all=warning uptime,level,tags
 #1: stderr all=off uptime,level,tags

Environment Variables:
PATH=C:\Windows\system32;C:\Windows;C:\Windows\System32\Wbem;C:\Windows\System32\WindowsPowerShell\v1.0\;C:\Windows\System32\OpenSSH\;C:\Program Files\Git\cmd;C:\Users\knima\AppData\Local\Microsoft\WindowsApps;
USERNAME=knima
OS=Windows_NT
PROCESSOR_IDENTIFIER=Intel64 Family 6 Model 126 Stepping 5, GenuineIntel



---------------  S Y S T E M  ---------------

OS: Windows 10 , 64 bit Build 19041 (10.0.19041.546)
OS uptime: 7 days 13:41 hours

CPU:total 8 (initial active 8) (4 cores per cpu, 2 threads per core) family 6 model 126 stepping 5, cmov, cx8, fxsr, mmx, sse, sse2, sse3, ssse3, sse4.1, sse4.2, popcnt, avx, avx2, aes, clmul, erms, 3dnowpref, lzcnt, ht, tsc, tscinvbit, bmi1, bmi2, adx, evex, sha, fma

Memory: 4k page, system-wide physical 7987M (1204M free)
TotalPageFile size 11211M (AvailPageFile size 2804M)
current process WorkingSet (physical memory assigned to process): 603M, peak: 653M
current process commit charge ("private bytes"): 744M, peak: 770M

vm_info: OpenJDK 64-Bit Server VM (11.0.8+10-b944.6842174) for windows-amd64 JRE (11.0.8+10-b944.6842174), built on Sep 19 2020 01:11:42 by "builder" with MS VC++ 14.0 (VS2015)

END.
